2023-01-14 10:02:27,209 ERROR [Log] test1() FAILED with cause : stale element reference: element is not attached to the page document
  (Session info: chrome=105.0.5195.127)
For documentation on this error, please visit: https://www.seleniumhq.org/exceptions/stale_element_reference.html
Build info: version: '3.141.59', revision: 'e82be7d358', time: '2018-11-14T08:17:03'
System info: host: 'DESKTOP-7OT3C58', ip: '192.168.1.33', os.name: 'Windows 10', os.arch: 'amd64', os.version: '10.0', java.version: '11.0.12'
Driver info: org.openqa.selenium.chrome.ChromeDriver
Capabilities {acceptInsecureCerts: false, browserName: chrome, browserVersion: 105.0.5195.127, chrome: {chromedriverVersion: 105.0.5195.52 (412c95e51883..., userDataDir: C:\Users\eshaz\AppData\Loca...}, goog:chromeOptions: {debuggerAddress: localhost:58133}, javascriptEnabled: true, networkConnectionEnabled: false, pageLoadStrategy: normal, platform: WINDOWS, platformName: WINDOWS, proxy: Proxy(), setWindowRect: true, strictFileInteractability: false, timeouts: {implicit: 0, pageLoad: 300000, script: 30000}, unhandledPromptBehavior: dismiss and notify, webauthn:extension:credBlob: true, webauthn:extension:largeBlob: true, webauthn:virtualAuthenticators: true}
Session ID: cffa1a1fd470379d437f95b2f8601378 
2023-01-14 10:06:51,070 INFO  [Log] test1() PASSED 
2023-01-14 10:08:03,577 INFO  [Log] test1() PASSED 
2023-01-14 10:09:53,372 ERROR [Log] test1() FAILED with cause : no such element: Unable to locate element: {"method":"css selector","selector":"#list\-name"}
  (Session info: chrome=105.0.5195.127)
For documentation on this error, please visit: https://www.seleniumhq.org/exceptions/no_such_element.html
Build info: version: '3.141.59', revision: 'e82be7d358', time: '2018-11-14T08:17:03'
System info: host: 'DESKTOP-7OT3C58', ip: '192.168.1.33', os.name: 'Windows 10', os.arch: 'amd64', os.version: '10.0', java.version: '11.0.12'
Driver info: org.openqa.selenium.chrome.ChromeDriver
Capabilities {acceptInsecureCerts: false, browserName: chrome, browserVersion: 105.0.5195.127, chrome: {chromedriverVersion: 105.0.5195.52 (412c95e51883..., userDataDir: C:\Users\eshaz\AppData\Loca...}, goog:chromeOptions: {debuggerAddress: localhost:59953}, javascriptEnabled: true, networkConnectionEnabled: false, pageLoadStrategy: normal, platform: WINDOWS, platformName: WINDOWS, proxy: Proxy(), setWindowRect: true, strictFileInteractability: false, timeouts: {implicit: 0, pageLoad: 300000, script: 30000}, unhandledPromptBehavior: dismiss and notify, webauthn:extension:credBlob: true, webauthn:extension:largeBlob: true, webauthn:virtualAuthenticators: true}
Session ID: 9ca99d7d895f7128ecfeb88cd19059a2
*** Element info: {Using=id, value=list-name} 
2023-01-14 10:10:41,367 ERROR [Log] test1() FAILED with cause : stale element reference: element is not attached to the page document
  (Session info: chrome=105.0.5195.127)
For documentation on this error, please visit: https://www.seleniumhq.org/exceptions/stale_element_reference.html
Build info: version: '3.141.59', revision: 'e82be7d358', time: '2018-11-14T08:17:03'
System info: host: 'DESKTOP-7OT3C58', ip: '192.168.1.33', os.name: 'Windows 10', os.arch: 'amd64', os.version: '10.0', java.version: '11.0.12'
Driver info: org.openqa.selenium.chrome.ChromeDriver
Capabilities {acceptInsecureCerts: false, browserName: chrome, browserVersion: 105.0.5195.127, chrome: {chromedriverVersion: 105.0.5195.52 (412c95e51883..., userDataDir: C:\Users\eshaz\AppData\Loca...}, goog:chromeOptions: {debuggerAddress: localhost:60176}, javascriptEnabled: true, networkConnectionEnabled: false, pageLoadStrategy: normal, platform: WINDOWS, platformName: WINDOWS, proxy: Proxy(), setWindowRect: true, strictFileInteractability: false, timeouts: {implicit: 0, pageLoad: 300000, script: 30000}, unhandledPromptBehavior: dismiss and notify, webauthn:extension:credBlob: true, webauthn:extension:largeBlob: true, webauthn:virtualAuthenticators: true}
Session ID: 5edb1facac28858a9436557a143f5972 
2023-01-14 10:14:16,598 ERROR [Log] test1() FAILED with cause : no such element: Unable to locate element: {"method":"css selector","selector":"#list\-name"}
  (Session info: chrome=105.0.5195.127)
For documentation on this error, please visit: https://www.seleniumhq.org/exceptions/no_such_element.html
Build info: version: '3.141.59', revision: 'e82be7d358', time: '2018-11-14T08:17:03'
System info: host: 'DESKTOP-7OT3C58', ip: '192.168.1.33', os.name: 'Windows 10', os.arch: 'amd64', os.version: '10.0', java.version: '11.0.12'
Driver info: org.openqa.selenium.chrome.ChromeDriver
Capabilities {acceptInsecureCerts: false, browserName: chrome, browserVersion: 105.0.5195.127, chrome: {chromedriverVersion: 105.0.5195.52 (412c95e51883..., userDataDir: C:\Users\eshaz\AppData\Loca...}, goog:chromeOptions: {debuggerAddress: localhost:60810}, javascriptEnabled: true, networkConnectionEnabled: false, pageLoadStrategy: normal, platform: WINDOWS, platformName: WINDOWS, proxy: Proxy(), setWindowRect: true, strictFileInteractability: false, timeouts: {implicit: 0, pageLoad: 300000, script: 30000}, unhandledPromptBehavior: dismiss and notify, webauthn:extension:credBlob: true, webauthn:extension:largeBlob: true, webauthn:virtualAuthenticators: true}
Session ID: 719eeabaafed0967bda2a9a0437dbc01
*** Element info: {Using=id, value=list-name} 
2023-01-14 10:22:51,018 INFO  [Log] test1() PASSED 
2023-01-14 10:24:45,423 ERROR [Log] test1() FAILED with cause : stale element reference: element is not attached to the page document
  (Session info: chrome=105.0.5195.127)
For documentation on this error, please visit: https://www.seleniumhq.org/exceptions/stale_element_reference.html
Build info: version: '3.141.59', revision: 'e82be7d358', time: '2018-11-14T08:17:03'
System info: host: 'DESKTOP-7OT3C58', ip: '192.168.1.33', os.name: 'Windows 10', os.arch: 'amd64', os.version: '10.0', java.version: '11.0.12'
Driver info: org.openqa.selenium.chrome.ChromeDriver
Capabilities {acceptInsecureCerts: false, browserName: chrome, browserVersion: 105.0.5195.127, chrome: {chromedriverVersion: 105.0.5195.52 (412c95e51883..., userDataDir: C:\Users\eshaz\AppData\Loca...}, goog:chromeOptions: {debuggerAddress: localhost:62897}, javascriptEnabled: true, networkConnectionEnabled: false, pageLoadStrategy: normal, platform: WINDOWS, platformName: WINDOWS, proxy: Proxy(), setWindowRect: true, strictFileInteractability: false, timeouts: {implicit: 0, pageLoad: 300000, script: 30000}, unhandledPromptBehavior: dismiss and notify, webauthn:extension:credBlob: true, webauthn:extension:largeBlob: true, webauthn:virtualAuthenticators: true}
Session ID: 46e40ce86f1fae89fa120092a0328469 
2023-01-14 10:34:49,269 INFO  [Log] test1() PASSED 
2023-01-14 10:36:41,030 ERROR [Log] test1() FAILED with cause : no such element: Unable to locate element: {"method":"css selector","selector":"#nav\-link\-accountList\-nav\-line\-1"}
  (Session info: chrome=105.0.5195.127)
For documentation on this error, please visit: https://www.seleniumhq.org/exceptions/no_such_element.html
Build info: version: '3.141.59', revision: 'e82be7d358', time: '2018-11-14T08:17:03'
System info: host: 'DESKTOP-7OT3C58', ip: '192.168.1.33', os.name: 'Windows 10', os.arch: 'amd64', os.version: '10.0', java.version: '11.0.12'
Driver info: org.openqa.selenium.chrome.ChromeDriver
Capabilities {acceptInsecureCerts: false, browserName: chrome, browserVersion: 105.0.5195.127, chrome: {chromedriverVersion: 105.0.5195.52 (412c95e51883..., userDataDir: C:\Users\eshaz\AppData\Loca...}, goog:chromeOptions: {debuggerAddress: localhost:65493}, javascriptEnabled: true, networkConnectionEnabled: false, pageLoadStrategy: normal, platform: WINDOWS, platformName: WINDOWS, proxy: Proxy(), setWindowRect: true, strictFileInteractability: false, timeouts: {implicit: 0, pageLoad: 300000, script: 30000}, unhandledPromptBehavior: dismiss and notify, webauthn:extension:credBlob: true, webauthn:extension:largeBlob: true, webauthn:virtualAuthenticators: true}
Session ID: 1c569eff54df4898763833bb435e7ac3
*** Element info: {Using=id, value=nav-link-accountList-nav-line-1} 
2023-01-14 10:39:13,476 ERROR [Log] test1() FAILED with cause : stale element reference: element is not attached to the page document
  (Session info: chrome=105.0.5195.127)
For documentation on this error, please visit: https://www.seleniumhq.org/exceptions/stale_element_reference.html
Build info: version: '3.141.59', revision: 'e82be7d358', time: '2018-11-14T08:17:03'
System info: host: 'DESKTOP-7OT3C58', ip: '192.168.1.33', os.name: 'Windows 10', os.arch: 'amd64', os.version: '10.0', java.version: '11.0.12'
Driver info: org.openqa.selenium.chrome.ChromeDriver
Capabilities {acceptInsecureCerts: false, browserName: chrome, browserVersion: 105.0.5195.127, chrome: {chromedriverVersion: 105.0.5195.52 (412c95e51883..., userDataDir: C:\Users\eshaz\AppData\Loca...}, goog:chromeOptions: {debuggerAddress: localhost:49587}, javascriptEnabled: true, networkConnectionEnabled: false, pageLoadStrategy: normal, platform: WINDOWS, platformName: WINDOWS, proxy: Proxy(), setWindowRect: true, strictFileInteractability: false, timeouts: {implicit: 0, pageLoad: 300000, script: 30000}, unhandledPromptBehavior: dismiss and notify, webauthn:extension:credBlob: true, webauthn:extension:largeBlob: true, webauthn:virtualAuthenticators: true}
Session ID: e49a99b4adbfbbbe1b45bb88809df04e 
2023-01-14 11:14:01,432 ERROR [Log] test1() FAILED with cause : element not interactable
  (Session info: chrome=105.0.5195.127)
Build info: version: '3.141.59', revision: 'e82be7d358', time: '2018-11-14T08:17:03'
System info: host: 'DESKTOP-7OT3C58', ip: '192.168.1.33', os.name: 'Windows 10', os.arch: 'amd64', os.version: '10.0', java.version: '11.0.12'
Driver info: org.openqa.selenium.chrome.ChromeDriver
Capabilities {acceptInsecureCerts: false, browserName: chrome, browserVersion: 105.0.5195.127, chrome: {chromedriverVersion: 105.0.5195.52 (412c95e51883..., userDataDir: C:\Users\eshaz\AppData\Loca...}, goog:chromeOptions: {debuggerAddress: localhost:63840}, javascriptEnabled: true, networkConnectionEnabled: false, pageLoadStrategy: normal, platform: WINDOWS, platformName: WINDOWS, proxy: Proxy(), setWindowRect: true, strictFileInteractability: false, timeouts: {implicit: 0, pageLoad: 300000, script: 30000}, unhandledPromptBehavior: dismiss and notify, webauthn:extension:credBlob: true, webauthn:extension:largeBlob: true, webauthn:virtualAuthenticators: true}
Session ID: 42a29070161364553cc24f16a30b2e13 
2023-01-14 11:17:06,476 ERROR [Log] test1() FAILED with cause : stale element reference: element is not attached to the page document
  (Session info: chrome=105.0.5195.127)
For documentation on this error, please visit: https://www.seleniumhq.org/exceptions/stale_element_reference.html
Build info: version: '3.141.59', revision: 'e82be7d358', time: '2018-11-14T08:17:03'
System info: host: 'DESKTOP-7OT3C58', ip: '192.168.1.33', os.name: 'Windows 10', os.arch: 'amd64', os.version: '10.0', java.version: '11.0.12'
Driver info: org.openqa.selenium.chrome.ChromeDriver
Capabilities {acceptInsecureCerts: false, browserName: chrome, browserVersion: 105.0.5195.127, chrome: {chromedriverVersion: 105.0.5195.52 (412c95e51883..., userDataDir: C:\Users\eshaz\AppData\Loca...}, goog:chromeOptions: {debuggerAddress: localhost:64488}, javascriptEnabled: true, networkConnectionEnabled: false, pageLoadStrategy: normal, platform: WINDOWS, platformName: WINDOWS, proxy: Proxy(), setWindowRect: true, strictFileInteractability: false, timeouts: {implicit: 0, pageLoad: 300000, script: 30000}, unhandledPromptBehavior: dismiss and notify, webauthn:extension:credBlob: true, webauthn:extension:largeBlob: true, webauthn:virtualAuthenticators: true}
Session ID: c4faf96a6ad941ad8aaffe7a685b9a8b 
2023-01-14 11:20:08,322 ERROR [Log] test1() FAILED with cause : no such element: Unable to locate element: {"method":"css selector","selector":"#list\-name"}
  (Session info: chrome=105.0.5195.127)
For documentation on this error, please visit: https://www.seleniumhq.org/exceptions/no_such_element.html
Build info: version: '3.141.59', revision: 'e82be7d358', time: '2018-11-14T08:17:03'
System info: host: 'DESKTOP-7OT3C58', ip: '192.168.1.33', os.name: 'Windows 10', os.arch: 'amd64', os.version: '10.0', java.version: '11.0.12'
Driver info: org.openqa.selenium.chrome.ChromeDriver
Capabilities {acceptInsecureCerts: false, browserName: chrome, browserVersion: 105.0.5195.127, chrome: {chromedriverVersion: 105.0.5195.52 (412c95e51883..., userDataDir: C:\Users\eshaz\AppData\Loca...}, goog:chromeOptions: {debuggerAddress: localhost:65061}, javascriptEnabled: true, networkConnectionEnabled: false, pageLoadStrategy: normal, platform: WINDOWS, platformName: WINDOWS, proxy: Proxy(), setWindowRect: true, strictFileInteractability: false, timeouts: {implicit: 0, pageLoad: 300000, script: 30000}, unhandledPromptBehavior: dismiss and notify, webauthn:extension:credBlob: true, webauthn:extension:largeBlob: true, webauthn:virtualAuthenticators: true}
Session ID: 09b7e894a05ff3296396bf9eb8bc9090
*** Element info: {Using=id, value=list-name} 
2023-01-14 11:22:37,528 INFO  [Log] test1() PASSED 
2023-01-14 11:28:36,607 ERROR [Log] test1() FAILED with cause : stale element reference: element is not attached to the page document
  (Session info: chrome=105.0.5195.127)
For documentation on this error, please visit: https://www.seleniumhq.org/exceptions/stale_element_reference.html
Build info: version: '3.141.59', revision: 'e82be7d358', time: '2018-11-14T08:17:03'
System info: host: 'DESKTOP-7OT3C58', ip: '192.168.1.33', os.name: 'Windows 10', os.arch: 'amd64', os.version: '10.0', java.version: '11.0.12'
Driver info: org.openqa.selenium.chrome.ChromeDriver
Capabilities {acceptInsecureCerts: false, browserName: chrome, browserVersion: 105.0.5195.127, chrome: {chromedriverVersion: 105.0.5195.52 (412c95e51883..., userDataDir: C:\Users\eshaz\AppData\Loca...}, goog:chromeOptions: {debuggerAddress: localhost:50309}, javascriptEnabled: true, networkConnectionEnabled: false, pageLoadStrategy: normal, platform: WINDOWS, platformName: WINDOWS, proxy: Proxy(), setWindowRect: true, strictFileInteractability: false, timeouts: {implicit: 0, pageLoad: 300000, script: 30000}, unhandledPromptBehavior: dismiss and notify, webauthn:extension:credBlob: true, webauthn:extension:largeBlob: true, webauthn:virtualAuthenticators: true}
Session ID: c0408787883e6d45a9395259ad077029 
2023-01-14 11:29:45,866 ERROR [Log] test1() FAILED with cause : no such element: Unable to locate element: {"method":"css selector","selector":"#nav\-link\-accountList\-nav\-line\-1"}
  (Session info: chrome=105.0.5195.127)
For documentation on this error, please visit: https://www.seleniumhq.org/exceptions/no_such_element.html
Build info: version: '3.141.59', revision: 'e82be7d358', time: '2018-11-14T08:17:03'
System info: host: 'DESKTOP-7OT3C58', ip: '192.168.1.33', os.name: 'Windows 10', os.arch: 'amd64', os.version: '10.0', java.version: '11.0.12'
Driver info: org.openqa.selenium.chrome.ChromeDriver
Capabilities {acceptInsecureCerts: false, browserName: chrome, browserVersion: 105.0.5195.127, chrome: {chromedriverVersion: 105.0.5195.52 (412c95e51883..., userDataDir: C:\Users\eshaz\AppData\Loca...}, goog:chromeOptions: {debuggerAddress: localhost:50603}, javascriptEnabled: true, networkConnectionEnabled: false, pageLoadStrategy: normal, platform: WINDOWS, platformName: WINDOWS, proxy: Proxy(), setWindowRect: true, strictFileInteractability: false, timeouts: {implicit: 0, pageLoad: 300000, script: 30000}, unhandledPromptBehavior: dismiss and notify, webauthn:extension:credBlob: true, webauthn:extension:largeBlob: true, webauthn:virtualAuthenticators: true}
Session ID: e508f32db76d361c21ad3435c1775ead
*** Element info: {Using=id, value=nav-link-accountList-nav-line-1} 
2023-01-14 11:30:21,678 ERROR [Log] test1() FAILED with cause : stale element reference: element is not attached to the page document
  (Session info: chrome=105.0.5195.127)
For documentation on this error, please visit: https://www.seleniumhq.org/exceptions/stale_element_reference.html
Build info: version: '3.141.59', revision: 'e82be7d358', time: '2018-11-14T08:17:03'
System info: host: 'DESKTOP-7OT3C58', ip: '192.168.1.33', os.name: 'Windows 10', os.arch: 'amd64', os.version: '10.0', java.version: '11.0.12'
Driver info: org.openqa.selenium.chrome.ChromeDriver
Capabilities {acceptInsecureCerts: false, browserName: chrome, browserVersion: 105.0.5195.127, chrome: {chromedriverVersion: 105.0.5195.52 (412c95e51883..., userDataDir: C:\Users\eshaz\AppData\Loca...}, goog:chromeOptions: {debuggerAddress: localhost:50719}, javascriptEnabled: true, networkConnectionEnabled: false, pageLoadStrategy: normal, platform: WINDOWS, platformName: WINDOWS, proxy: Proxy(), setWindowRect: true, strictFileInteractability: false, timeouts: {implicit: 0, pageLoad: 300000, script: 30000}, unhandledPromptBehavior: dismiss and notify, webauthn:extension:credBlob: true, webauthn:extension:largeBlob: true, webauthn:virtualAuthenticators: true}
Session ID: b1d7e7b60892b23d2e451a1052ac8324 
2023-01-14 11:32:42,194 ERROR [Log] test1() FAILED with cause : stale element reference: element is not attached to the page document
  (Session info: chrome=105.0.5195.127)
For documentation on this error, please visit: https://www.seleniumhq.org/exceptions/stale_element_reference.html
Build info: version: '3.141.59', revision: 'e82be7d358', time: '2018-11-14T08:17:03'
System info: host: 'DESKTOP-7OT3C58', ip: '192.168.1.33', os.name: 'Windows 10', os.arch: 'amd64', os.version: '10.0', java.version: '11.0.12'
Driver info: org.openqa.selenium.chrome.ChromeDriver
Capabilities {acceptInsecureCerts: false, browserName: chrome, browserVersion: 105.0.5195.127, chrome: {chromedriverVersion: 105.0.5195.52 (412c95e51883..., userDataDir: C:\Users\eshaz\AppData\Loca...}, goog:chromeOptions: {debuggerAddress: localhost:51185}, javascriptEnabled: true, networkConnectionEnabled: false, pageLoadStrategy: normal, platform: WINDOWS, platformName: WINDOWS, proxy: Proxy(), setWindowRect: true, strictFileInteractability: false, timeouts: {implicit: 0, pageLoad: 300000, script: 30000}, unhandledPromptBehavior: dismiss and notify, webauthn:extension:credBlob: true, webauthn:extension:largeBlob: true, webauthn:virtualAuthenticators: true}
Session ID: 14907911c3940b50b620ed77b8b78488 
2023-01-14 11:49:40,204 ERROR [Log] test1() FAILED with cause : Expected condition failed: waiting for visibility of [[ChromeDriver: chrome on WINDOWS (8fc9f7b2d421d8293bc33ef34b78b2d0)] -> id: searchDropdownBox] (tried for 3 second(s) with 500 milliseconds interval)
Build info: version: '3.141.59', revision: 'e82be7d358', time: '2018-11-14T08:17:03'
System info: host: 'DESKTOP-7OT3C58', ip: '192.168.1.33', os.name: 'Windows 10', os.arch: 'amd64', os.version: '10.0', java.version: '11.0.12'
Driver info: org.openqa.selenium.chrome.ChromeDriver
Capabilities {acceptInsecureCerts: false, browserName: chrome, browserVersion: 105.0.5195.127, chrome: {chromedriverVersion: 105.0.5195.52 (412c95e51883..., userDataDir: C:\Users\eshaz\AppData\Loca...}, goog:chromeOptions: {debuggerAddress: localhost:63563}, javascriptEnabled: true, networkConnectionEnabled: false, pageLoadStrategy: normal, platform: WINDOWS, platformName: WINDOWS, proxy: Proxy(), setWindowRect: true, strictFileInteractability: false, timeouts: {implicit: 0, pageLoad: 300000, script: 30000}, unhandledPromptBehavior: dismiss and notify, webauthn:extension:credBlob: true, webauthn:extension:largeBlob: true, webauthn:virtualAuthenticators: true}
Session ID: 8fc9f7b2d421d8293bc33ef34b78b2d0 
2023-01-14 11:56:06,664 ERROR [Log] test1() FAILED with cause : Expected condition failed: waiting for visibility of [[ChromeDriver: chrome on WINDOWS (c633498e506e353e3e883ca80644f9ad)] -> xpath: //div[@class='nav-search-scope nav-sprite']//select[@id='searchDropdownBox']] (tried for 3 second(s) with 500 milliseconds interval)
Build info: version: '3.141.59', revision: 'e82be7d358', time: '2018-11-14T08:17:03'
System info: host: 'DESKTOP-7OT3C58', ip: '192.168.1.33', os.name: 'Windows 10', os.arch: 'amd64', os.version: '10.0', java.version: '11.0.12'
Driver info: org.openqa.selenium.chrome.ChromeDriver
Capabilities {acceptInsecureCerts: false, browserName: chrome, browserVersion: 105.0.5195.127, chrome: {chromedriverVersion: 105.0.5195.52 (412c95e51883..., userDataDir: C:\Users\eshaz\AppData\Loca...}, goog:chromeOptions: {debuggerAddress: localhost:64636}, javascriptEnabled: true, networkConnectionEnabled: false, pageLoadStrategy: normal, platform: WINDOWS, platformName: WINDOWS, proxy: Proxy(), setWindowRect: true, strictFileInteractability: false, timeouts: {implicit: 0, pageLoad: 300000, script: 30000}, unhandledPromptBehavior: dismiss and notify, webauthn:extension:credBlob: true, webauthn:extension:largeBlob: true, webauthn:virtualAuthenticators: true}
Session ID: c633498e506e353e3e883ca80644f9ad 
2023-01-14 11:58:28,965 ERROR [Log] test1() FAILED with cause : stale element reference: element is not attached to the page document
  (Session info: chrome=105.0.5195.127)
For documentation on this error, please visit: https://www.seleniumhq.org/exceptions/stale_element_reference.html
Build info: version: '3.141.59', revision: 'e82be7d358', time: '2018-11-14T08:17:03'
System info: host: 'DESKTOP-7OT3C58', ip: '192.168.1.33', os.name: 'Windows 10', os.arch: 'amd64', os.version: '10.0', java.version: '11.0.12'
Driver info: org.openqa.selenium.chrome.ChromeDriver
Capabilities {acceptInsecureCerts: false, browserName: chrome, browserVersion: 105.0.5195.127, chrome: {chromedriverVersion: 105.0.5195.52 (412c95e51883..., userDataDir: C:\Users\eshaz\AppData\Loca...}, goog:chromeOptions: {debuggerAddress: localhost:65147}, javascriptEnabled: true, networkConnectionEnabled: false, pageLoadStrategy: normal, platform: WINDOWS, platformName: WINDOWS, proxy: Proxy(), setWindowRect: true, strictFileInteractability: false, timeouts: {implicit: 0, pageLoad: 300000, script: 30000}, unhandledPromptBehavior: dismiss and notify, webauthn:extension:credBlob: true, webauthn:extension:largeBlob: true, webauthn:virtualAuthenticators: true}
Session ID: 627997832cf4a6aedb24ca0c3a1f1b72 
2023-01-14 12:00:58,622 ERROR [Log] test1() FAILED with cause : stale element reference: element is not attached to the page document
  (Session info: chrome=105.0.5195.127)
For documentation on this error, please visit: https://www.seleniumhq.org/exceptions/stale_element_reference.html
Build info: version: '3.141.59', revision: 'e82be7d358', time: '2018-11-14T08:17:03'
System info: host: 'DESKTOP-7OT3C58', ip: '192.168.1.33', os.name: 'Windows 10', os.arch: 'amd64', os.version: '10.0', java.version: '11.0.12'
Driver info: org.openqa.selenium.chrome.ChromeDriver
Capabilities {acceptInsecureCerts: false, browserName: chrome, browserVersion: 105.0.5195.127, chrome: {chromedriverVersion: 105.0.5195.52 (412c95e51883..., userDataDir: C:\Users\eshaz\AppData\Loca...}, goog:chromeOptions: {debuggerAddress: localhost:49323}, javascriptEnabled: true, networkConnectionEnabled: false, pageLoadStrategy: normal, platform: WINDOWS, platformName: WINDOWS, proxy: Proxy(), setWindowRect: true, strictFileInteractability: false, timeouts: {implicit: 0, pageLoad: 300000, script: 30000}, unhandledPromptBehavior: dismiss and notify, webauthn:extension:credBlob: true, webauthn:extension:largeBlob: true, webauthn:virtualAuthenticators: true}
Session ID: 6c52bed0160539d48010c667ee29dd5f 
2023-01-14 12:05:06,616 ERROR [Log] test1() FAILED with cause : stale element reference: element is not attached to the page document
  (Session info: chrome=105.0.5195.127)
For documentation on this error, please visit: https://www.seleniumhq.org/exceptions/stale_element_reference.html
Build info: version: '3.141.59', revision: 'e82be7d358', time: '2018-11-14T08:17:03'
System info: host: 'DESKTOP-7OT3C58', ip: '192.168.1.33', os.name: 'Windows 10', os.arch: 'amd64', os.version: '10.0', java.version: '11.0.12'
Driver info: org.openqa.selenium.chrome.ChromeDriver
Capabilities {acceptInsecureCerts: false, browserName: chrome, browserVersion: 105.0.5195.127, chrome: {chromedriverVersion: 105.0.5195.52 (412c95e51883..., userDataDir: C:\Users\eshaz\AppData\Loca...}, goog:chromeOptions: {debuggerAddress: localhost:50371}, javascriptEnabled: true, networkConnectionEnabled: false, pageLoadStrategy: normal, platform: WINDOWS, platformName: WINDOWS, proxy: Proxy(), setWindowRect: true, strictFileInteractability: false, timeouts: {implicit: 0, pageLoad: 300000, script: 30000}, unhandledPromptBehavior: dismiss and notify, webauthn:extension:credBlob: true, webauthn:extension:largeBlob: true, webauthn:virtualAuthenticators: true}
Session ID: d3161f5b466574fa1c55948b0053337a 
2023-01-14 15:17:47,032 INFO  [Log] test1() PASSED 
2023-01-14 15:19:09,070 ERROR [Log] test1() FAILED with cause : stale element reference: element is not attached to the page document
  (Session info: chrome=105.0.5195.127)
For documentation on this error, please visit: https://www.seleniumhq.org/exceptions/stale_element_reference.html
Build info: version: '3.141.59', revision: 'e82be7d358', time: '2018-11-14T08:17:03'
System info: host: 'DESKTOP-7OT3C58', ip: '192.168.1.33', os.name: 'Windows 10', os.arch: 'amd64', os.version: '10.0', java.version: '11.0.12'
Driver info: org.openqa.selenium.chrome.ChromeDriver
Capabilities {acceptInsecureCerts: false, browserName: chrome, browserVersion: 105.0.5195.127, chrome: {chromedriverVersion: 105.0.5195.52 (412c95e51883..., userDataDir: C:\Users\eshaz\AppData\Loca...}, goog:chromeOptions: {debuggerAddress: localhost:51874}, javascriptEnabled: true, networkConnectionEnabled: false, pageLoadStrategy: normal, platform: WINDOWS, platformName: WINDOWS, proxy: Proxy(), setWindowRect: true, strictFileInteractability: false, timeouts: {implicit: 0, pageLoad: 300000, script: 30000}, unhandledPromptBehavior: dismiss and notify, webauthn:extension:credBlob: true, webauthn:extension:largeBlob: true, webauthn:virtualAuthenticators: true}
Session ID: 361884cee2682980c19f39ce68925341 
2023-01-14 15:21:30,005 ERROR [Log] test1() FAILED with cause : stale element reference: element is not attached to the page document
  (Session info: chrome=105.0.5195.127)
For documentation on this error, please visit: https://www.seleniumhq.org/exceptions/stale_element_reference.html
Build info: version: '3.141.59', revision: 'e82be7d358', time: '2018-11-14T08:17:03'
System info: host: 'DESKTOP-7OT3C58', ip: '192.168.1.33', os.name: 'Windows 10', os.arch: 'amd64', os.version: '10.0', java.version: '11.0.12'
Driver info: org.openqa.selenium.chrome.ChromeDriver
Capabilities {acceptInsecureCerts: false, browserName: chrome, browserVersion: 105.0.5195.127, chrome: {chromedriverVersion: 105.0.5195.52 (412c95e51883..., userDataDir: C:\Users\eshaz\AppData\Loca...}, goog:chromeOptions: {debuggerAddress: localhost:52426}, javascriptEnabled: true, networkConnectionEnabled: false, pageLoadStrategy: normal, platform: WINDOWS, platformName: WINDOWS, proxy: Proxy(), setWindowRect: true, strictFileInteractability: false, timeouts: {implicit: 0, pageLoad: 300000, script: 30000}, unhandledPromptBehavior: dismiss and notify, webauthn:extension:credBlob: true, webauthn:extension:largeBlob: true, webauthn:virtualAuthenticators: true}
Session ID: 58e568fb8f0fa4a208368819f0181391 
2023-01-14 15:25:33,325 ERROR [Log] test1() FAILED with cause : stale element reference: element is not attached to the page document
  (Session info: chrome=105.0.5195.127)
For documentation on this error, please visit: https://www.seleniumhq.org/exceptions/stale_element_reference.html
Build info: version: '3.141.59', revision: 'e82be7d358', time: '2018-11-14T08:17:03'
System info: host: 'DESKTOP-7OT3C58', ip: '192.168.1.33', os.name: 'Windows 10', os.arch: 'amd64', os.version: '10.0', java.version: '11.0.12'
Driver info: org.openqa.selenium.chrome.ChromeDriver
Capabilities {acceptInsecureCerts: false, browserName: chrome, browserVersion: 105.0.5195.127, chrome: {chromedriverVersion: 105.0.5195.52 (412c95e51883..., userDataDir: C:\Users\eshaz\AppData\Loca...}, goog:chromeOptions: {debuggerAddress: localhost:53398}, javascriptEnabled: true, networkConnectionEnabled: false, pageLoadStrategy: normal, platform: WINDOWS, platformName: WINDOWS, proxy: Proxy(), setWindowRect: true, strictFileInteractability: false, timeouts: {implicit: 0, pageLoad: 300000, script: 30000}, unhandledPromptBehavior: dismiss and notify, webauthn:extension:credBlob: true, webauthn:extension:largeBlob: true, webauthn:virtualAuthenticators: true}
Session ID: de94b2ebc21fe870d7fe8edcc793c820 
2023-01-14 15:29:36,945 INFO  [Log] test1() PASSED 
2023-01-14 15:31:23,238 ERROR [Log] test1() FAILED with cause : no such element: Unable to locate element: {"method":"css selector","selector":"#list\-name"}
  (Session info: chrome=105.0.5195.127)
For documentation on this error, please visit: https://www.seleniumhq.org/exceptions/no_such_element.html
Build info: version: '3.141.59', revision: 'e82be7d358', time: '2018-11-14T08:17:03'
System info: host: 'DESKTOP-7OT3C58', ip: '192.168.1.33', os.name: 'Windows 10', os.arch: 'amd64', os.version: '10.0', java.version: '11.0.12'
Driver info: org.openqa.selenium.chrome.ChromeDriver
Capabilities {acceptInsecureCerts: false, browserName: chrome, browserVersion: 105.0.5195.127, chrome: {chromedriverVersion: 105.0.5195.52 (412c95e51883..., userDataDir: C:\Users\eshaz\AppData\Loca...}, goog:chromeOptions: {debuggerAddress: localhost:54589}, javascriptEnabled: true, networkConnectionEnabled: false, pageLoadStrategy: normal, platform: WINDOWS, platformName: WINDOWS, proxy: Proxy(), setWindowRect: true, strictFileInteractability: false, timeouts: {implicit: 0, pageLoad: 300000, script: 30000}, unhandledPromptBehavior: dismiss and notify, webauthn:extension:credBlob: true, webauthn:extension:largeBlob: true, webauthn:virtualAuthenticators: true}
Session ID: bfe776a5d74bf5146edf688579723bfa
*** Element info: {Using=id, value=list-name} 
2023-01-14 15:33:56,354 INFO  [Log] test1() PASSED 
2023-01-14 15:34:57,574 INFO  [Log] test1() PASSED 
2023-01-14 15:36:30,062 ERROR [Log] test1() FAILED with cause : stale element reference: element is not attached to the page document
  (Session info: chrome=105.0.5195.127)
For documentation on this error, please visit: https://www.seleniumhq.org/exceptions/stale_element_reference.html
Build info: version: '3.141.59', revision: 'e82be7d358', time: '2018-11-14T08:17:03'
System info: host: 'DESKTOP-7OT3C58', ip: '192.168.1.33', os.name: 'Windows 10', os.arch: 'amd64', os.version: '10.0', java.version: '11.0.12'
Driver info: org.openqa.selenium.chrome.ChromeDriver
Capabilities {acceptInsecureCerts: false, browserName: chrome, browserVersion: 105.0.5195.127, chrome: {chromedriverVersion: 105.0.5195.52 (412c95e51883..., userDataDir: C:\Users\eshaz\AppData\Loca...}, goog:chromeOptions: {debuggerAddress: localhost:55818}, javascriptEnabled: true, networkConnectionEnabled: false, pageLoadStrategy: normal, platform: WINDOWS, platformName: WINDOWS, proxy: Proxy(), setWindowRect: true, strictFileInteractability: false, timeouts: {implicit: 0, pageLoad: 300000, script: 30000}, unhandledPromptBehavior: dismiss and notify, webauthn:extension:credBlob: true, webauthn:extension:largeBlob: true, webauthn:virtualAuthenticators: true}
Session ID: 1fa4ccf551e4d0e1a0ca09c2a37d781a 
2023-01-14 15:42:23,601 ERROR [Log] test1() FAILED with cause : stale element reference: element is not attached to the page document
  (Session info: chrome=105.0.5195.127)
For documentation on this error, please visit: https://www.seleniumhq.org/exceptions/stale_element_reference.html
Build info: version: '3.141.59', revision: 'e82be7d358', time: '2018-11-14T08:17:03'
System info: host: 'DESKTOP-7OT3C58', ip: '192.168.1.33', os.name: 'Windows 10', os.arch: 'amd64', os.version: '10.0', java.version: '11.0.12'
Driver info: org.openqa.selenium.chrome.ChromeDriver
Capabilities {acceptInsecureCerts: false, browserName: chrome, browserVersion: 105.0.5195.127, chrome: {chromedriverVersion: 105.0.5195.52 (412c95e51883..., userDataDir: C:\Users\eshaz\AppData\Loca...}, goog:chromeOptions: {debuggerAddress: localhost:57220}, javascriptEnabled: true, networkConnectionEnabled: false, pageLoadStrategy: normal, platform: WINDOWS, platformName: WINDOWS, proxy: Proxy(), setWindowRect: true, strictFileInteractability: false, timeouts: {implicit: 0, pageLoad: 300000, script: 30000}, unhandledPromptBehavior: dismiss and notify, webauthn:extension:credBlob: true, webauthn:extension:largeBlob: true, webauthn:virtualAuthenticators: true}
Session ID: a6f551a7e18289e6c0f8ffadd92a8a9d 
2023-01-14 15:43:18,724 ERROR [Log] test1() FAILED with cause : stale element reference: element is not attached to the page document
  (Session info: chrome=105.0.5195.127)
For documentation on this error, please visit: https://www.seleniumhq.org/exceptions/stale_element_reference.html
Build info: version: '3.141.59', revision: 'e82be7d358', time: '2018-11-14T08:17:03'
System info: host: 'DESKTOP-7OT3C58', ip: '192.168.1.33', os.name: 'Windows 10', os.arch: 'amd64', os.version: '10.0', java.version: '11.0.12'
Driver info: org.openqa.selenium.chrome.ChromeDriver
Capabilities {acceptInsecureCerts: false, browserName: chrome, browserVersion: 105.0.5195.127, chrome: {chromedriverVersion: 105.0.5195.52 (412c95e51883..., userDataDir: C:\Users\eshaz\AppData\Loca...}, goog:chromeOptions: {debuggerAddress: localhost:57442}, javascriptEnabled: true, networkConnectionEnabled: false, pageLoadStrategy: normal, platform: WINDOWS, platformName: WINDOWS, proxy: Proxy(), setWindowRect: true, strictFileInteractability: false, timeouts: {implicit: 0, pageLoad: 300000, script: 30000}, unhandledPromptBehavior: dismiss and notify, webauthn:extension:credBlob: true, webauthn:extension:largeBlob: true, webauthn:virtualAuthenticators: true}
Session ID: fb291adca3cce9d0f3c53791b7049bf4 
2023-01-14 15:46:43,978 INFO  [Log] test1() PASSED 
2023-01-14 15:47:55,801 INFO  [Log] test1() PASSED 
2023-01-14 15:50:12,315 INFO  [Log] test1() PASSED 
2023-01-14 15:51:22,945 INFO  [Log] test1() PASSED 
2023-01-14 15:53:14,683 ERROR [Log] test1() FAILED with cause : element not interactable
  (Session info: chrome=105.0.5195.127)
Build info: version: '3.141.59', revision: 'e82be7d358', time: '2018-11-14T08:17:03'
System info: host: 'DESKTOP-7OT3C58', ip: '192.168.1.33', os.name: 'Windows 10', os.arch: 'amd64', os.version: '10.0', java.version: '11.0.12'
Driver info: org.openqa.selenium.chrome.ChromeDriver
Capabilities {acceptInsecureCerts: false, browserName: chrome, browserVersion: 105.0.5195.127, chrome: {chromedriverVersion: 105.0.5195.52 (412c95e51883..., userDataDir: C:\Users\eshaz\AppData\Loca...}, goog:chromeOptions: {debuggerAddress: localhost:64568}, javascriptEnabled: true, networkConnectionEnabled: false, pageLoadStrategy: normal, platform: WINDOWS, platformName: WINDOWS, proxy: Proxy(), setWindowRect: true, strictFileInteractability: false, timeouts: {implicit: 0, pageLoad: 300000, script: 30000}, unhandledPromptBehavior: dismiss and notify, webauthn:extension:credBlob: true, webauthn:extension:largeBlob: true, webauthn:virtualAuthenticators: true}
Session ID: 8a617ebec61956c3ee2f61237464b2ee 
2023-01-14 15:53:59,871 ERROR [Log] test1() FAILED with cause : stale element reference: element is not attached to the page document
  (Session info: chrome=105.0.5195.127)
For documentation on this error, please visit: https://www.seleniumhq.org/exceptions/stale_element_reference.html
Build info: version: '3.141.59', revision: 'e82be7d358', time: '2018-11-14T08:17:03'
System info: host: 'DESKTOP-7OT3C58', ip: '192.168.1.33', os.name: 'Windows 10', os.arch: 'amd64', os.version: '10.0', java.version: '11.0.12'
Driver info: org.openqa.selenium.chrome.ChromeDriver
Capabilities {acceptInsecureCerts: false, browserName: chrome, browserVersion: 105.0.5195.127, chrome: {chromedriverVersion: 105.0.5195.52 (412c95e51883..., userDataDir: C:\Users\eshaz\AppData\Loca...}, goog:chromeOptions: {debuggerAddress: localhost:64778}, javascriptEnabled: true, networkConnectionEnabled: false, pageLoadStrategy: normal, platform: WINDOWS, platformName: WINDOWS, proxy: Proxy(), setWindowRect: true, strictFileInteractability: false, timeouts: {implicit: 0, pageLoad: 300000, script: 30000}, unhandledPromptBehavior: dismiss and notify, webauthn:extension:credBlob: true, webauthn:extension:largeBlob: true, webauthn:virtualAuthenticators: true}
Session ID: e3e27e92a5959c2edd5f795e3733ac7b 
2023-01-14 16:01:01,119 INFO  [Log] test1() PASSED 
2023-01-14 16:03:36,815 INFO  [Log] test1() PASSED 
2023-01-14 16:14:47,467 ERROR [Log] test1() FAILED with cause : stale element reference: element is not attached to the page document
  (Session info: chrome=105.0.5195.127)
For documentation on this error, please visit: https://www.seleniumhq.org/exceptions/stale_element_reference.html
Build info: version: '3.141.59', revision: 'e82be7d358', time: '2018-11-14T08:17:03'
System info: host: 'DESKTOP-7OT3C58', ip: '192.168.1.33', os.name: 'Windows 10', os.arch: 'amd64', os.version: '10.0', java.version: '11.0.12'
Driver info: org.openqa.selenium.chrome.ChromeDriver
Capabilities {acceptInsecureCerts: false, browserName: chrome, browserVersion: 105.0.5195.127, chrome: {chromedriverVersion: 105.0.5195.52 (412c95e51883..., userDataDir: C:\Users\eshaz\AppData\Loca...}, goog:chromeOptions: {debuggerAddress: localhost:52958}, javascriptEnabled: true, networkConnectionEnabled: false, pageLoadStrategy: normal, platform: WINDOWS, platformName: WINDOWS, proxy: Proxy(), setWindowRect: true, strictFileInteractability: false, timeouts: {implicit: 0, pageLoad: 300000, script: 30000}, unhandledPromptBehavior: dismiss and notify, webauthn:extension:credBlob: true, webauthn:extension:largeBlob: true, webauthn:virtualAuthenticators: true}
Session ID: 790b2e3f0e884cdc880cf1043a30fbbf
*** Element info: {Using=xpath, value=.//option[normalize-space(.) = "Bilgisayarlar"]} 
2023-01-14 16:16:29,218 ERROR [Log] test1() FAILED with cause : stale element reference: element is not attached to the page document
  (Session info: chrome=105.0.5195.127)
For documentation on this error, please visit: https://www.seleniumhq.org/exceptions/stale_element_reference.html
Build info: version: '3.141.59', revision: 'e82be7d358', time: '2018-11-14T08:17:03'
System info: host: 'DESKTOP-7OT3C58', ip: '192.168.1.33', os.name: 'Windows 10', os.arch: 'amd64', os.version: '10.0', java.version: '11.0.12'
Driver info: org.openqa.selenium.chrome.ChromeDriver
Capabilities {acceptInsecureCerts: false, browserName: chrome, browserVersion: 105.0.5195.127, chrome: {chromedriverVersion: 105.0.5195.52 (412c95e51883..., userDataDir: C:\Users\eshaz\AppData\Loca...}, goog:chromeOptions: {debuggerAddress: localhost:53388}, javascriptEnabled: true, networkConnectionEnabled: false, pageLoadStrategy: normal, platform: WINDOWS, platformName: WINDOWS, proxy: Proxy(), setWindowRect: true, strictFileInteractability: false, timeouts: {implicit: 0, pageLoad: 300000, script: 30000}, unhandledPromptBehavior: dismiss and notify, webauthn:extension:credBlob: true, webauthn:extension:largeBlob: true, webauthn:virtualAuthenticators: true}
Session ID: 6244577faa6fe58548027bc1344ddc4f 
2023-01-14 16:17:39,535 ERROR [Log] test1() FAILED with cause : stale element reference: element is not attached to the page document
  (Session info: chrome=105.0.5195.127)
For documentation on this error, please visit: https://www.seleniumhq.org/exceptions/stale_element_reference.html
Build info: version: '3.141.59', revision: 'e82be7d358', time: '2018-11-14T08:17:03'
System info: host: 'DESKTOP-7OT3C58', ip: '192.168.1.33', os.name: 'Windows 10', os.arch: 'amd64', os.version: '10.0', java.version: '11.0.12'
Driver info: org.openqa.selenium.chrome.ChromeDriver
Capabilities {acceptInsecureCerts: false, browserName: chrome, browserVersion: 105.0.5195.127, chrome: {chromedriverVersion: 105.0.5195.52 (412c95e51883..., userDataDir: C:\Users\eshaz\AppData\Loca...}, goog:chromeOptions: {debuggerAddress: localhost:53747}, javascriptEnabled: true, networkConnectionEnabled: false, pageLoadStrategy: normal, platform: WINDOWS, platformName: WINDOWS, proxy: Proxy(), setWindowRect: true, strictFileInteractability: false, timeouts: {implicit: 0, pageLoad: 300000, script: 30000}, unhandledPromptBehavior: dismiss and notify, webauthn:extension:credBlob: true, webauthn:extension:largeBlob: true, webauthn:virtualAuthenticators: true}
Session ID: 1f5c56a0c7c4384c6c4702879c47c3f5 
2023-01-14 16:18:55,389 INFO  [Log] test1() PASSED 
2023-01-14 16:20:20,332 ERROR [Log] test1() FAILED with cause : stale element reference: element is not attached to the page document
  (Session info: chrome=105.0.5195.127)
For documentation on this error, please visit: https://www.seleniumhq.org/exceptions/stale_element_reference.html
Build info: version: '3.141.59', revision: 'e82be7d358', time: '2018-11-14T08:17:03'
System info: host: 'DESKTOP-7OT3C58', ip: '192.168.1.33', os.name: 'Windows 10', os.arch: 'amd64', os.version: '10.0', java.version: '11.0.12'
Driver info: org.openqa.selenium.chrome.ChromeDriver
Capabilities {acceptInsecureCerts: false, browserName: chrome, browserVersion: 105.0.5195.127, chrome: {chromedriverVersion: 105.0.5195.52 (412c95e51883..., userDataDir: C:\Users\eshaz\AppData\Loca...}, goog:chromeOptions: {debuggerAddress: localhost:54401}, javascriptEnabled: true, networkConnectionEnabled: false, pageLoadStrategy: normal, platform: WINDOWS, platformName: WINDOWS, proxy: Proxy(), setWindowRect: true, strictFileInteractability: false, timeouts: {implicit: 0, pageLoad: 300000, script: 30000}, unhandledPromptBehavior: dismiss and notify, webauthn:extension:credBlob: true, webauthn:extension:largeBlob: true, webauthn:virtualAuthenticators: true}
Session ID: 3f6247b3385351fd65a9ce70f4600d57 
2023-01-14 16:21:48,234 ERROR [Log] test1() FAILED with cause : stale element reference: element is not attached to the page document
  (Session info: chrome=105.0.5195.127)
For documentation on this error, please visit: https://www.seleniumhq.org/exceptions/stale_element_reference.html
Build info: version: '3.141.59', revision: 'e82be7d358', time: '2018-11-14T08:17:03'
System info: host: 'DESKTOP-7OT3C58', ip: '192.168.1.33', os.name: 'Windows 10', os.arch: 'amd64', os.version: '10.0', java.version: '11.0.12'
Driver info: org.openqa.selenium.chrome.ChromeDriver
Capabilities {acceptInsecureCerts: false, browserName: chrome, browserVersion: 105.0.5195.127, chrome: {chromedriverVersion: 105.0.5195.52 (412c95e51883..., userDataDir: C:\Users\eshaz\AppData\Loca...}, goog:chromeOptions: {debuggerAddress: localhost:54697}, javascriptEnabled: true, networkConnectionEnabled: false, pageLoadStrategy: normal, platform: WINDOWS, platformName: WINDOWS, proxy: Proxy(), setWindowRect: true, strictFileInteractability: false, timeouts: {implicit: 0, pageLoad: 300000, script: 30000}, unhandledPromptBehavior: dismiss and notify, webauthn:extension:credBlob: true, webauthn:extension:largeBlob: true, webauthn:virtualAuthenticators: true}
Session ID: 605935266f9bf69d04d36e3de4d54212
*** Element info: {Using=tag name, value=option} 
2023-01-14 16:23:35,976 ERROR [Log] test1() FAILED with cause : stale element reference: element is not attached to the page document
  (Session info: chrome=105.0.5195.127)
For documentation on this error, please visit: https://www.seleniumhq.org/exceptions/stale_element_reference.html
Build info: version: '3.141.59', revision: 'e82be7d358', time: '2018-11-14T08:17:03'
System info: host: 'DESKTOP-7OT3C58', ip: '192.168.1.33', os.name: 'Windows 10', os.arch: 'amd64', os.version: '10.0', java.version: '11.0.12'
Driver info: org.openqa.selenium.chrome.ChromeDriver
Capabilities {acceptInsecureCerts: false, browserName: chrome, browserVersion: 105.0.5195.127, chrome: {chromedriverVersion: 105.0.5195.52 (412c95e51883..., userDataDir: C:\Users\eshaz\AppData\Loca...}, goog:chromeOptions: {debuggerAddress: localhost:55069}, javascriptEnabled: true, networkConnectionEnabled: false, pageLoadStrategy: normal, platform: WINDOWS, platformName: WINDOWS, proxy: Proxy(), setWindowRect: true, strictFileInteractability: false, timeouts: {implicit: 0, pageLoad: 300000, script: 30000}, unhandledPromptBehavior: dismiss and notify, webauthn:extension:credBlob: true, webauthn:extension:largeBlob: true, webauthn:virtualAuthenticators: true}
Session ID: b7d6ddc806f89ecaafad7dd2d8d88f9e 
2023-01-14 16:26:53,859 ERROR [Log] test1() FAILED with cause : element not interactable
  (Session info: chrome=105.0.5195.127)
Build info: version: '3.141.59', revision: 'e82be7d358', time: '2018-11-14T08:17:03'
System info: host: 'DESKTOP-7OT3C58', ip: '192.168.1.33', os.name: 'Windows 10', os.arch: 'amd64', os.version: '10.0', java.version: '11.0.12'
Driver info: org.openqa.selenium.chrome.ChromeDriver
Capabilities {acceptInsecureCerts: false, browserName: chrome, browserVersion: 105.0.5195.127, chrome: {chromedriverVersion: 105.0.5195.52 (412c95e51883..., userDataDir: C:\Users\eshaz\AppData\Loca...}, goog:chromeOptions: {debuggerAddress: localhost:55727}, javascriptEnabled: true, networkConnectionEnabled: false, pageLoadStrategy: normal, platform: WINDOWS, platformName: WINDOWS, proxy: Proxy(), setWindowRect: true, strictFileInteractability: false, timeouts: {implicit: 0, pageLoad: 300000, script: 30000}, unhandledPromptBehavior: dismiss and notify, webauthn:extension:credBlob: true, webauthn:extension:largeBlob: true, webauthn:virtualAuthenticators: true}
Session ID: a0b1dffe877abad5422e6790a82cbedf 
2023-01-14 16:27:45,681 ERROR [Log] test1() FAILED with cause : stale element reference: element is not attached to the page document
  (Session info: chrome=105.0.5195.127)
For documentation on this error, please visit: https://www.seleniumhq.org/exceptions/stale_element_reference.html
Build info: version: '3.141.59', revision: 'e82be7d358', time: '2018-11-14T08:17:03'
System info: host: 'DESKTOP-7OT3C58', ip: '192.168.1.33', os.name: 'Windows 10', os.arch: 'amd64', os.version: '10.0', java.version: '11.0.12'
Driver info: org.openqa.selenium.chrome.ChromeDriver
Capabilities {acceptInsecureCerts: false, browserName: chrome, browserVersion: 105.0.5195.127, chrome: {chromedriverVersion: 105.0.5195.52 (412c95e51883..., userDataDir: C:\Users\eshaz\AppData\Loca...}, goog:chromeOptions: {debuggerAddress: localhost:56033}, javascriptEnabled: true, networkConnectionEnabled: false, pageLoadStrategy: normal, platform: WINDOWS, platformName: WINDOWS, proxy: Proxy(), setWindowRect: true, strictFileInteractability: false, timeouts: {implicit: 0, pageLoad: 300000, script: 30000}, unhandledPromptBehavior: dismiss and notify, webauthn:extension:credBlob: true, webauthn:extension:largeBlob: true, webauthn:virtualAuthenticators: true}
Session ID: 537ff9112dd24b078d06b581df1b63f6 
2023-01-14 16:28:47,921 ERROR [Log] test1() FAILED with cause : stale element reference: element is not attached to the page document
  (Session info: chrome=105.0.5195.127)
For documentation on this error, please visit: https://www.seleniumhq.org/exceptions/stale_element_reference.html
Build info: version: '3.141.59', revision: 'e82be7d358', time: '2018-11-14T08:17:03'
System info: host: 'DESKTOP-7OT3C58', ip: '192.168.1.33', os.name: 'Windows 10', os.arch: 'amd64', os.version: '10.0', java.version: '11.0.12'
Driver info: org.openqa.selenium.chrome.ChromeDriver
Capabilities {acceptInsecureCerts: false, browserName: chrome, browserVersion: 105.0.5195.127, chrome: {chromedriverVersion: 105.0.5195.52 (412c95e51883..., userDataDir: C:\Users\eshaz\AppData\Loca...}, goog:chromeOptions: {debuggerAddress: localhost:56266}, javascriptEnabled: true, networkConnectionEnabled: false, pageLoadStrategy: normal, platform: WINDOWS, platformName: WINDOWS, proxy: Proxy(), setWindowRect: true, strictFileInteractability: false, timeouts: {implicit: 0, pageLoad: 300000, script: 30000}, unhandledPromptBehavior: dismiss and notify, webauthn:extension:credBlob: true, webauthn:extension:largeBlob: true, webauthn:virtualAuthenticators: true}
Session ID: 16e784577a165aedbf8c2ee9b36d73aa 
2023-01-14 16:37:00,495 INFO  [Log] test1() PASSED 
2023-01-14 16:38:58,912 ERROR [Log] test1() FAILED with cause : stale element reference: element is not attached to the page document
  (Session info: chrome=105.0.5195.127)
For documentation on this error, please visit: https://www.seleniumhq.org/exceptions/stale_element_reference.html
Build info: version: '3.141.59', revision: 'e82be7d358', time: '2018-11-14T08:17:03'
System info: host: 'DESKTOP-7OT3C58', ip: '192.168.1.33', os.name: 'Windows 10', os.arch: 'amd64', os.version: '10.0', java.version: '11.0.12'
Driver info: org.openqa.selenium.chrome.ChromeDriver
Capabilities {acceptInsecureCerts: false, browserName: chrome, browserVersion: 105.0.5195.127, chrome: {chromedriverVersion: 105.0.5195.52 (412c95e51883..., userDataDir: C:\Users\eshaz\AppData\Loca...}, goog:chromeOptions: {debuggerAddress: localhost:58169}, javascriptEnabled: true, networkConnectionEnabled: false, pageLoadStrategy: normal, platform: WINDOWS, platformName: WINDOWS, proxy: Proxy(), setWindowRect: true, strictFileInteractability: false, timeouts: {implicit: 0, pageLoad: 300000, script: 30000}, unhandledPromptBehavior: dismiss and notify, webauthn:extension:credBlob: true, webauthn:extension:largeBlob: true, webauthn:virtualAuthenticators: true}
Session ID: d4d9a5bd415e9a3d047c713616e3288e 
2023-01-14 16:45:46,573 INFO  [Log] test1() PASSED 
2023-01-14 16:47:37,563 ERROR [Log] test1() FAILED with cause : stale element reference: element is not attached to the page document
  (Session info: chrome=105.0.5195.127)
For documentation on this error, please visit: https://www.seleniumhq.org/exceptions/stale_element_reference.html
Build info: version: '3.141.59', revision: 'e82be7d358', time: '2018-11-14T08:17:03'
System info: host: 'DESKTOP-7OT3C58', ip: '192.168.1.33', os.name: 'Windows 10', os.arch: 'amd64', os.version: '10.0', java.version: '11.0.12'
Driver info: org.openqa.selenium.chrome.ChromeDriver
Capabilities {acceptInsecureCerts: false, browserName: chrome, browserVersion: 105.0.5195.127, chrome: {chromedriverVersion: 105.0.5195.52 (412c95e51883..., userDataDir: C:\Users\eshaz\AppData\Loca...}, goog:chromeOptions: {debuggerAddress: localhost:56793}, javascriptEnabled: true, networkConnectionEnabled: false, pageLoadStrategy: normal, platform: WINDOWS, platformName: WINDOWS, proxy: Proxy(), setWindowRect: true, strictFileInteractability: false, timeouts: {implicit: 0, pageLoad: 300000, script: 30000}, unhandledPromptBehavior: dismiss and notify, webauthn:extension:credBlob: true, webauthn:extension:largeBlob: true, webauthn:virtualAuthenticators: true}
Session ID: 368ee6d7b4798f5b24fe22df066808da 
2023-01-14 19:57:18,345 ERROR [Log] test1() FAILED with cause : element not interactable
  (Session info: chrome=105.0.5195.127)
Build info: version: '3.141.59', revision: 'e82be7d358', time: '2018-11-14T08:17:03'
System info: host: 'DESKTOP-7OT3C58', ip: '192.168.1.33', os.name: 'Windows 10', os.arch: 'amd64', os.version: '10.0', java.version: '11.0.12'
Driver info: org.openqa.selenium.chrome.ChromeDriver
Capabilities {acceptInsecureCerts: false, browserName: chrome, browserVersion: 105.0.5195.127, chrome: {chromedriverVersion: 105.0.5195.52 (412c95e51883..., userDataDir: C:\Users\eshaz\AppData\Loca...}, goog:chromeOptions: {debuggerAddress: localhost:53823}, javascriptEnabled: true, networkConnectionEnabled: false, pageLoadStrategy: normal, platform: WINDOWS, platformName: WINDOWS, proxy: Proxy(), setWindowRect: true, strictFileInteractability: false, timeouts: {implicit: 0, pageLoad: 300000, script: 30000}, unhandledPromptBehavior: dismiss and notify, webauthn:extension:credBlob: true, webauthn:extension:largeBlob: true, webauthn:virtualAuthenticators: true}
Session ID: e79d552a3bbc675f6b594580ac1e7a6f 
2023-01-14 19:58:18,555 ERROR [Log] test1() FAILED with cause : stale element reference: element is not attached to the page document
  (Session info: chrome=105.0.5195.127)
For documentation on this error, please visit: https://www.seleniumhq.org/exceptions/stale_element_reference.html
Build info: version: '3.141.59', revision: 'e82be7d358', time: '2018-11-14T08:17:03'
System info: host: 'DESKTOP-7OT3C58', ip: '192.168.1.33', os.name: 'Windows 10', os.arch: 'amd64', os.version: '10.0', java.version: '11.0.12'
Driver info: org.openqa.selenium.chrome.ChromeDriver
Capabilities {acceptInsecureCerts: false, browserName: chrome, browserVersion: 105.0.5195.127, chrome: {chromedriverVersion: 105.0.5195.52 (412c95e51883..., userDataDir: C:\Users\eshaz\AppData\Loca...}, goog:chromeOptions: {debuggerAddress: localhost:53941}, javascriptEnabled: true, networkConnectionEnabled: false, pageLoadStrategy: normal, platform: WINDOWS, platformName: WINDOWS, proxy: Proxy(), setWindowRect: true, strictFileInteractability: false, timeouts: {implicit: 0, pageLoad: 300000, script: 30000}, unhandledPromptBehavior: dismiss and notify, webauthn:extension:credBlob: true, webauthn:extension:largeBlob: true, webauthn:virtualAuthenticators: true}
Session ID: 8c1c3045b264088254a5a1c6cb190cc9 
2023-01-14 20:02:22,858 ERROR [Log] test1() FAILED with cause : stale element reference: element is not attached to the page document
  (Session info: chrome=105.0.5195.127)
For documentation on this error, please visit: https://www.seleniumhq.org/exceptions/stale_element_reference.html
Build info: version: '3.141.59', revision: 'e82be7d358', time: '2018-11-14T08:17:03'
System info: host: 'DESKTOP-7OT3C58', ip: '192.168.1.33', os.name: 'Windows 10', os.arch: 'amd64', os.version: '10.0', java.version: '11.0.12'
Driver info: org.openqa.selenium.chrome.ChromeDriver
Capabilities {acceptInsecureCerts: false, browserName: chrome, browserVersion: 105.0.5195.127, chrome: {chromedriverVersion: 105.0.5195.52 (412c95e51883..., userDataDir: C:\Users\eshaz\AppData\Loca...}, goog:chromeOptions: {debuggerAddress: localhost:54340}, javascriptEnabled: true, networkConnectionEnabled: false, pageLoadStrategy: normal, platform: WINDOWS, platformName: WINDOWS, proxy: Proxy(), setWindowRect: true, strictFileInteractability: false, timeouts: {implicit: 0, pageLoad: 300000, script: 30000}, unhandledPromptBehavior: dismiss and notify, webauthn:extension:credBlob: true, webauthn:extension:largeBlob: true, webauthn:virtualAuthenticators: true}
Session ID: a4337efdf55cb7dd5c6448004c5a6a19 
2023-01-14 20:05:42,706 INFO  [Log] test1() PASSED 
2023-01-14 20:06:55,229 ERROR [Log] test1() FAILED with cause : stale element reference: element is not attached to the page document
  (Session info: chrome=105.0.5195.127)
For documentation on this error, please visit: https://www.seleniumhq.org/exceptions/stale_element_reference.html
Build info: version: '3.141.59', revision: 'e82be7d358', time: '2018-11-14T08:17:03'
System info: host: 'DESKTOP-7OT3C58', ip: '192.168.1.33', os.name: 'Windows 10', os.arch: 'amd64', os.version: '10.0', java.version: '11.0.12'
Driver info: org.openqa.selenium.chrome.ChromeDriver
Capabilities {acceptInsecureCerts: false, browserName: chrome, browserVersion: 105.0.5195.127, chrome: {chromedriverVersion: 105.0.5195.52 (412c95e51883..., userDataDir: C:\Users\eshaz\AppData\Loca...}, goog:chromeOptions: {debuggerAddress: localhost:54731}, javascriptEnabled: true, networkConnectionEnabled: false, pageLoadStrategy: normal, platform: WINDOWS, platformName: WINDOWS, proxy: Proxy(), setWindowRect: true, strictFileInteractability: false, timeouts: {implicit: 0, pageLoad: 300000, script: 30000}, unhandledPromptBehavior: dismiss and notify, webauthn:extension:credBlob: true, webauthn:extension:largeBlob: true, webauthn:virtualAuthenticators: true}
Session ID: 905f73fdbb058126f2e097fb4f439283 
2023-01-14 20:11:38,568 INFO  [Log] test1() PASSED 
2023-01-14 20:15:09,767 INFO  [Log] test1() PASSED 
2023-01-14 20:48:38,694 INFO  [Log] test1() PASSED 
2023-01-14 20:59:25,431 INFO  [Log] test1() PASSED 
2023-01-14 21:02:48,299 ERROR [Log] test1() FAILED with cause : stale element reference: element is not attached to the page document
  (Session info: chrome=105.0.5195.127)
For documentation on this error, please visit: https://www.seleniumhq.org/exceptions/stale_element_reference.html
Build info: version: '3.141.59', revision: 'e82be7d358', time: '2018-11-14T08:17:03'
System info: host: 'DESKTOP-7OT3C58', ip: '192.168.1.33', os.name: 'Windows 10', os.arch: 'amd64', os.version: '10.0', java.version: '11.0.12'
Driver info: org.openqa.selenium.chrome.ChromeDriver
Capabilities {acceptInsecureCerts: false, browserName: chrome, browserVersion: 105.0.5195.127, chrome: {chromedriverVersion: 105.0.5195.52 (412c95e51883..., userDataDir: C:\Users\eshaz\AppData\Loca...}, goog:chromeOptions: {debuggerAddress: localhost:60987}, javascriptEnabled: true, networkConnectionEnabled: false, pageLoadStrategy: normal, platform: WINDOWS, platformName: WINDOWS, proxy: Proxy(), setWindowRect: true, strictFileInteractability: false, timeouts: {implicit: 0, pageLoad: 300000, script: 30000}, unhandledPromptBehavior: dismiss and notify, webauthn:extension:credBlob: true, webauthn:extension:largeBlob: true, webauthn:virtualAuthenticators: true}
Session ID: 13f09390a1cababfaec2bbde53eb4347 
2023-01-14 22:01:23,232 ERROR [Log] test1() FAILED with cause : stale element reference: element is not attached to the page document
  (Session info: chrome=109.0.5414.75)
For documentation on this error, please visit: https://www.seleniumhq.org/exceptions/stale_element_reference.html
Build info: version: '3.141.59', revision: 'e82be7d358', time: '2018-11-14T08:17:03'
System info: host: 'DESKTOP-7OT3C58', ip: '192.168.1.33', os.name: 'Windows 10', os.arch: 'amd64', os.version: '10.0', java.version: '11.0.12'
Driver info: org.openqa.selenium.chrome.ChromeDriver
Capabilities {acceptInsecureCerts: false, browserName: chrome, browserVersion: 109.0.5414.75, chrome: {chromedriverVersion: 109.0.5414.74 (e7c5703604da..., userDataDir: C:\Users\eshaz\AppData\Loca...}, goog:chromeOptions: {debuggerAddress: localhost:50202}, javascriptEnabled: true, networkConnectionEnabled: false, pageLoadStrategy: normal, platform: WINDOWS, platformName: WINDOWS, proxy: Proxy(), setWindowRect: true, strictFileInteractability: false, timeouts: {implicit: 0, pageLoad: 300000, script: 30000}, unhandledPromptBehavior: dismiss and notify, webauthn:extension:credBlob: true, webauthn:extension:largeBlob: true, webauthn:virtualAuthenticators: true}
Session ID: ad9c093f8b3947b1dc15a214f157b53f 
2023-01-14 22:12:39,665 INFO  [Log] test1() PASSED 
2023-01-14 22:17:55,238 ERROR [Log] test1() FAILED with cause : stale element reference: element is not attached to the page document
  (Session info: chrome=109.0.5414.75)
For documentation on this error, please visit: https://www.seleniumhq.org/exceptions/stale_element_reference.html
Build info: version: '3.141.59', revision: 'e82be7d358', time: '2018-11-14T08:17:03'
System info: host: 'DESKTOP-7OT3C58', ip: '192.168.1.33', os.name: 'Windows 10', os.arch: 'amd64', os.version: '10.0', java.version: '11.0.12'
Driver info: org.openqa.selenium.chrome.ChromeDriver
Capabilities {acceptInsecureCerts: false, browserName: chrome, browserVersion: 109.0.5414.75, chrome: {chromedriverVersion: 109.0.5414.74 (e7c5703604da..., userDataDir: C:\Users\eshaz\AppData\Loca...}, goog:chromeOptions: {debuggerAddress: localhost:50651}, javascriptEnabled: true, networkConnectionEnabled: false, pageLoadStrategy: normal, platform: WINDOWS, platformName: WINDOWS, proxy: Proxy(), setWindowRect: true, strictFileInteractability: false, timeouts: {implicit: 0, pageLoad: 300000, script: 30000}, unhandledPromptBehavior: dismiss and notify, webauthn:extension:credBlob: true, webauthn:extension:largeBlob: true, webauthn:virtualAuthenticators: true}
Session ID: 13499d45bed023235eab222d752fc4d0 
2023-01-14 22:19:32,308 ERROR [Log] test1() FAILED with cause : stale element reference: element is not attached to the page document
  (Session info: chrome=109.0.5414.75)
For documentation on this error, please visit: https://www.seleniumhq.org/exceptions/stale_element_reference.html
Build info: version: '3.141.59', revision: 'e82be7d358', time: '2018-11-14T08:17:03'
System info: host: 'DESKTOP-7OT3C58', ip: '192.168.1.33', os.name: 'Windows 10', os.arch: 'amd64', os.version: '10.0', java.version: '11.0.12'
Driver info: org.openqa.selenium.chrome.ChromeDriver
Capabilities {acceptInsecureCerts: false, browserName: chrome, browserVersion: 109.0.5414.75, chrome: {chromedriverVersion: 109.0.5414.74 (e7c5703604da..., userDataDir: C:\Users\eshaz\AppData\Loca...}, goog:chromeOptions: {debuggerAddress: localhost:50774}, javascriptEnabled: true, networkConnectionEnabled: false, pageLoadStrategy: normal, platform: WINDOWS, platformName: WINDOWS, proxy: Proxy(), setWindowRect: true, strictFileInteractability: false, timeouts: {implicit: 0, pageLoad: 300000, script: 30000}, unhandledPromptBehavior: dismiss and notify, webauthn:extension:credBlob: true, webauthn:extension:largeBlob: true, webauthn:virtualAuthenticators: true}
Session ID: 98c11564239bc096d7c7c7f131f91aaf 
2023-01-14 22:23:27,816 ERROR [Log] test1() FAILED with cause : no such element: Unable to locate element: {"method":"css selector","selector":"#list\-name"}
  (Session info: chrome=109.0.5414.75)
For documentation on this error, please visit: https://www.seleniumhq.org/exceptions/no_such_element.html
Build info: version: '3.141.59', revision: 'e82be7d358', time: '2018-11-14T08:17:03'
System info: host: 'DESKTOP-7OT3C58', ip: '192.168.1.33', os.name: 'Windows 10', os.arch: 'amd64', os.version: '10.0', java.version: '11.0.12'
Driver info: org.openqa.selenium.chrome.ChromeDriver
Capabilities {acceptInsecureCerts: false, browserName: chrome, browserVersion: 109.0.5414.75, chrome: {chromedriverVersion: 109.0.5414.74 (e7c5703604da..., userDataDir: C:\Users\eshaz\AppData\Loca...}, goog:chromeOptions: {debuggerAddress: localhost:51100}, javascriptEnabled: true, networkConnectionEnabled: false, pageLoadStrategy: normal, platform: WINDOWS, platformName: WINDOWS, proxy: Proxy(), setWindowRect: true, strictFileInteractability: false, timeouts: {implicit: 0, pageLoad: 300000, script: 30000}, unhandledPromptBehavior: dismiss and notify, webauthn:extension:credBlob: true, webauthn:extension:largeBlob: true, webauthn:virtualAuthenticators: true}
Session ID: c4744a5d9f015128eb12e0cbb5ef772b
*** Element info: {Using=id, value=list-name} 
2023-01-14 22:28:32,260 ERROR [Log] test1() FAILED with cause : element not interactable
  (Session info: chrome=109.0.5414.75)
Build info: version: '3.141.59', revision: 'e82be7d358', time: '2018-11-14T08:17:03'
System info: host: 'DESKTOP-7OT3C58', ip: '192.168.1.33', os.name: 'Windows 10', os.arch: 'amd64', os.version: '10.0', java.version: '11.0.12'
Driver info: org.openqa.selenium.chrome.ChromeDriver
Capabilities {acceptInsecureCerts: false, browserName: chrome, browserVersion: 109.0.5414.75, chrome: {chromedriverVersion: 109.0.5414.74 (e7c5703604da..., userDataDir: C:\Users\eshaz\AppData\Loca...}, goog:chromeOptions: {debuggerAddress: localhost:51587}, javascriptEnabled: true, networkConnectionEnabled: false, pageLoadStrategy: normal, platform: WINDOWS, platformName: WINDOWS, proxy: Proxy(), setWindowRect: true, strictFileInteractability: false, timeouts: {implicit: 0, pageLoad: 300000, script: 30000}, unhandledPromptBehavior: dismiss and notify, webauthn:extension:credBlob: true, webauthn:extension:largeBlob: true, webauthn:virtualAuthenticators: true}
Session ID: 6d5a3cb85c4b476239e2def007e07220 
2023-01-14 22:30:03,398 ERROR [Log] test1() FAILED with cause : element not interactable
  (Session info: chrome=109.0.5414.75)
Build info: version: '3.141.59', revision: 'e82be7d358', time: '2018-11-14T08:17:03'
System info: host: 'DESKTOP-7OT3C58', ip: '192.168.1.33', os.name: 'Windows 10', os.arch: 'amd64', os.version: '10.0', java.version: '11.0.12'
Driver info: org.openqa.selenium.chrome.ChromeDriver
Capabilities {acceptInsecureCerts: false, browserName: chrome, browserVersion: 109.0.5414.75, chrome: {chromedriverVersion: 109.0.5414.74 (e7c5703604da..., userDataDir: C:\Users\eshaz\AppData\Loca...}, goog:chromeOptions: {debuggerAddress: localhost:51667}, javascriptEnabled: true, networkConnectionEnabled: false, pageLoadStrategy: normal, platform: WINDOWS, platformName: WINDOWS, proxy: Proxy(), setWindowRect: true, strictFileInteractability: false, timeouts: {implicit: 0, pageLoad: 300000, script: 30000}, unhandledPromptBehavior: dismiss and notify, webauthn:extension:credBlob: true, webauthn:extension:largeBlob: true, webauthn:virtualAuthenticators: true}
Session ID: 94fbd92a6aaea77a306709ceb149f37a 
2023-01-14 22:31:05,978 ERROR [Log] test1() FAILED with cause : no such element: Unable to locate element: {"method":"xpath","selector":"nav-search-label-id"}
  (Session info: chrome=109.0.5414.75)
For documentation on this error, please visit: https://www.seleniumhq.org/exceptions/no_such_element.html
Build info: version: '3.141.59', revision: 'e82be7d358', time: '2018-11-14T08:17:03'
System info: host: 'DESKTOP-7OT3C58', ip: '192.168.1.33', os.name: 'Windows 10', os.arch: 'amd64', os.version: '10.0', java.version: '11.0.12'
Driver info: org.openqa.selenium.chrome.ChromeDriver
Capabilities {acceptInsecureCerts: false, browserName: chrome, browserVersion: 109.0.5414.75, chrome: {chromedriverVersion: 109.0.5414.74 (e7c5703604da..., userDataDir: C:\Users\eshaz\AppData\Loca...}, goog:chromeOptions: {debuggerAddress: localhost:51718}, javascriptEnabled: true, networkConnectionEnabled: false, pageLoadStrategy: normal, platform: WINDOWS, platformName: WINDOWS, proxy: Proxy(), setWindowRect: true, strictFileInteractability: false, timeouts: {implicit: 0, pageLoad: 300000, script: 30000}, unhandledPromptBehavior: dismiss and notify, webauthn:extension:credBlob: true, webauthn:extension:largeBlob: true, webauthn:virtualAuthenticators: true}
Session ID: e08c81412ec77c32d7e1f0d66130f5cf
*** Element info: {Using=xpath, value=nav-search-label-id} 
2023-01-14 22:34:01,743 ERROR [Log] test1() FAILED with cause : stale element reference: element is not attached to the page document
  (Session info: chrome=109.0.5414.75)
For documentation on this error, please visit: https://www.seleniumhq.org/exceptions/stale_element_reference.html
Build info: version: '3.141.59', revision: 'e82be7d358', time: '2018-11-14T08:17:03'
System info: host: 'DESKTOP-7OT3C58', ip: '192.168.1.33', os.name: 'Windows 10', os.arch: 'amd64', os.version: '10.0', java.version: '11.0.12'
Driver info: org.openqa.selenium.chrome.ChromeDriver
Capabilities {acceptInsecureCerts: false, browserName: chrome, browserVersion: 109.0.5414.75, chrome: {chromedriverVersion: 109.0.5414.74 (e7c5703604da..., userDataDir: C:\Users\eshaz\AppData\Loca...}, goog:chromeOptions: {debuggerAddress: localhost:51866}, javascriptEnabled: true, networkConnectionEnabled: false, pageLoadStrategy: normal, platform: WINDOWS, platformName: WINDOWS, proxy: Proxy(), setWindowRect: true, strictFileInteractability: false, timeouts: {implicit: 0, pageLoad: 300000, script: 30000}, unhandledPromptBehavior: dismiss and notify, webauthn:extension:credBlob: true, webauthn:extension:largeBlob: true, webauthn:virtualAuthenticators: true}
Session ID: 0197c00966cb2862ad94823c123ea7b1 
2023-01-14 22:45:20,668 ERROR [Log] test1() FAILED with cause : no such element: Unable to locate element: {"method":"css selector","selector":"#searchDropdownBox"}
  (Session info: chrome=109.0.5414.75)
For documentation on this error, please visit: https://www.seleniumhq.org/exceptions/no_such_element.html
Build info: version: '3.141.59', revision: 'e82be7d358', time: '2018-11-14T08:17:03'
System info: host: 'DESKTOP-7OT3C58', ip: '192.168.1.33', os.name: 'Windows 10', os.arch: 'amd64', os.version: '10.0', java.version: '11.0.12'
Driver info: org.openqa.selenium.chrome.ChromeDriver
Capabilities {acceptInsecureCerts: false, browserName: chrome, browserVersion: 109.0.5414.75, chrome: {chromedriverVersion: 109.0.5414.74 (e7c5703604da..., userDataDir: C:\Users\eshaz\AppData\Loca...}, goog:chromeOptions: {debuggerAddress: localhost:52016}, javascriptEnabled: true, networkConnectionEnabled: false, pageLoadStrategy: normal, platform: WINDOWS, platformName: WINDOWS, proxy: Proxy(), setWindowRect: true, strictFileInteractability: false, timeouts: {implicit: 0, pageLoad: 300000, script: 30000}, unhandledPromptBehavior: dismiss and notify, webauthn:extension:credBlob: true, webauthn:extension:largeBlob: true, webauthn:virtualAuthenticators: true}
Session ID: 981d0d803c4bd06d97cbb23b95f4f43f
*** Element info: {Using=id, value=searchDropdownBox} 
2023-01-14 22:47:43,076 ERROR [Log] test1() FAILED with cause : stale element reference: element is not attached to the page document
  (Session info: chrome=109.0.5414.75)
For documentation on this error, please visit: https://www.seleniumhq.org/exceptions/stale_element_reference.html
Build info: version: '3.141.59', revision: 'e82be7d358', time: '2018-11-14T08:17:03'
System info: host: 'DESKTOP-7OT3C58', ip: '192.168.1.33', os.name: 'Windows 10', os.arch: 'amd64', os.version: '10.0', java.version: '11.0.12'
Driver info: org.openqa.selenium.chrome.ChromeDriver
Capabilities {acceptInsecureCerts: false, browserName: chrome, browserVersion: 109.0.5414.75, chrome: {chromedriverVersion: 109.0.5414.74 (e7c5703604da..., userDataDir: C:\Users\eshaz\AppData\Loca...}, goog:chromeOptions: {debuggerAddress: localhost:52096}, javascriptEnabled: true, networkConnectionEnabled: false, pageLoadStrategy: normal, platform: WINDOWS, platformName: WINDOWS, proxy: Proxy(), setWindowRect: true, strictFileInteractability: false, timeouts: {implicit: 0, pageLoad: 300000, script: 30000}, unhandledPromptBehavior: dismiss and notify, webauthn:extension:credBlob: true, webauthn:extension:largeBlob: true, webauthn:virtualAuthenticators: true}
Session ID: 8eb3e2a00a134dd08a7a3781e9545de6 
2023-01-14 23:13:44,957 ERROR [Log] Sign into Account FAILED with cause : user couldn't log into the account ==> expected: <true> but was: <false> 
2023-01-14 23:22:53,011 ERROR [Log] Sign into Account FAILED with cause : no such element: Unable to locate element: {"method":"css selector","selector":"#nav\-link\-accountList\-nav\-line\-1"}
  (Session info: chrome=109.0.5414.75)
For documentation on this error, please visit: https://www.seleniumhq.org/exceptions/no_such_element.html
Build info: version: '3.141.59', revision: 'e82be7d358', time: '2018-11-14T08:17:03'
System info: host: 'DESKTOP-7OT3C58', ip: '192.168.1.33', os.name: 'Windows 10', os.arch: 'amd64', os.version: '10.0', java.version: '11.0.12'
Driver info: org.openqa.selenium.chrome.ChromeDriver
Capabilities {acceptInsecureCerts: false, browserName: chrome, browserVersion: 109.0.5414.75, chrome: {chromedriverVersion: 109.0.5414.74 (e7c5703604da..., userDataDir: C:\Users\eshaz\AppData\Loca...}, goog:chromeOptions: {debuggerAddress: localhost:52723}, javascriptEnabled: true, networkConnectionEnabled: false, pageLoadStrategy: normal, platform: WINDOWS, platformName: WINDOWS, proxy: Proxy(), setWindowRect: true, strictFileInteractability: false, timeouts: {implicit: 0, pageLoad: 300000, script: 30000}, unhandledPromptBehavior: dismiss and notify, webauthn:extension:credBlob: true, webauthn:extension:largeBlob: true, webauthn:virtualAuthenticators: true}
Session ID: 5b9afee1617bae54dfeb6be49763bf34
*** Element info: {Using=id, value=nav-link-accountList-nav-line-1} 
2023-01-14 23:24:58,593 INFO  [Log] Sign into Account PASSED 
2023-01-14 23:25:30,370 INFO  [Log] Sign into Account PASSED 
2023-01-14 23:26:54,317 INFO  [Log] Sign into Account PASSED 
2023-01-15 00:24:45,229 INFO  [Log] Sign into Account PASSED 
2023-01-15 16:54:56,467 ERROR [Log] Sign into Account FAILED with cause : java.net.ConnectException: Failed to connect to localhost/0:0:0:0:0:0:0:1:2524
Build info: version: '3.141.59', revision: 'e82be7d358', time: '2018-11-14T08:17:03'
System info: host: 'DESKTOP-7OT3C58', ip: '192.168.1.33', os.name: 'Windows 10', os.arch: 'amd64', os.version: '10.0', java.version: '11.0.12'
Driver info: driver.version: RemoteWebDriver 
2023-01-15 17:02:37,537 ERROR [Log] Sign into Account FAILED with cause : no such element: Unable to locate element: {"method":"css selector","selector":"#sp\-cc\-accept"}
  (Session info: chrome=109.0.5414.75)
For documentation on this error, please visit: https://www.seleniumhq.org/exceptions/no_such_element.html
Build info: version: '3.141.59', revision: 'e82be7d358', time: '2018-11-14T08:17:03'
System info: host: 'DESKTOP-7OT3C58', ip: '192.168.1.33', os.name: 'Windows 10', os.arch: 'amd64', os.version: '10.0', java.version: '11.0.12'
Driver info: org.openqa.selenium.chrome.ChromeDriver
Capabilities {acceptInsecureCerts: false, browserName: chrome, browserVersion: 109.0.5414.75, chrome: {chromedriverVersion: 109.0.5414.74 (e7c5703604da..., userDataDir: C:\Users\eshaz\AppData\Loca...}, goog:chromeOptions: {debuggerAddress: localhost:59099}, javascriptEnabled: true, networkConnectionEnabled: false, pageLoadStrategy: normal, platform: WINDOWS, platformName: WINDOWS, proxy: Proxy(), setWindowRect: true, strictFileInteractability: false, timeouts: {implicit: 0, pageLoad: 300000, script: 30000}, unhandledPromptBehavior: dismiss and notify, webauthn:extension:credBlob: true, webauthn:extension:largeBlob: true, webauthn:virtualAuthenticators: true}
Session ID: 451aa14722d37d68502460c9dda2f274
*** Element info: {Using=id, value=sp-cc-accept} 
2023-01-15 17:03:28,156 INFO  [Log] Sign into Account PASSED 
2023-01-15 17:10:15,483 ERROR [Log] Sign into Account FAILED with cause : no such element: Unable to locate element: {"method":"css selector","selector":"#sp\-cc\-accept"}
  (Session info: chrome=109.0.5414.75)
For documentation on this error, please visit: https://www.seleniumhq.org/exceptions/no_such_element.html
Build info: version: '3.141.59', revision: 'e82be7d358', time: '2018-11-14T08:17:03'
System info: host: 'DESKTOP-7OT3C58', ip: '192.168.1.33', os.name: 'Windows 10', os.arch: 'amd64', os.version: '10.0', java.version: '11.0.12'
Driver info: org.openqa.selenium.chrome.ChromeDriver
Capabilities {acceptInsecureCerts: false, browserName: chrome, browserVersion: 109.0.5414.75, chrome: {chromedriverVersion: 109.0.5414.74 (e7c5703604da..., userDataDir: C:\Users\eshaz\AppData\Loca...}, goog:chromeOptions: {debuggerAddress: localhost:59288}, javascriptEnabled: true, networkConnectionEnabled: false, pageLoadStrategy: normal, platform: WINDOWS, platformName: WINDOWS, proxy: Proxy(), setWindowRect: true, strictFileInteractability: false, timeouts: {implicit: 0, pageLoad: 300000, script: 30000}, unhandledPromptBehavior: dismiss and notify, webauthn:extension:credBlob: true, webauthn:extension:largeBlob: true, webauthn:virtualAuthenticators: true}
Session ID: 967d241588bd8d4386aa928cec4e081d
*** Element info: {Using=id, value=sp-cc-accept} 
2023-01-15 17:11:30,842 INFO  [Log] Sign into Account PASSED 
2023-01-15 17:11:58,897 INFO  [Log] Sign into Account PASSED 
2023-01-15 17:12:37,830 INFO  [Log] Sign into Account PASSED 
2023-01-15 17:13:18,917 ERROR [Log] Sign into Account FAILED with cause : target frame detached
  (failed to check if window was closed: disconnected: Unable to receive message from renderer)
  (Session info: chrome=109.0.5414.75)
Build info: version: '3.141.59', revision: 'e82be7d358', time: '2018-11-14T08:17:03'
System info: host: 'DESKTOP-7OT3C58', ip: '192.168.1.33', os.name: 'Windows 10', os.arch: 'amd64', os.version: '10.0', java.version: '11.0.12'
Driver info: org.openqa.selenium.chrome.ChromeDriver
Capabilities {acceptInsecureCerts: false, browserName: chrome, browserVersion: 109.0.5414.75, chrome: {chromedriverVersion: 109.0.5414.74 (e7c5703604da..., userDataDir: C:\Users\eshaz\AppData\Loca...}, goog:chromeOptions: {debuggerAddress: localhost:59490}, javascriptEnabled: true, networkConnectionEnabled: false, pageLoadStrategy: normal, platform: WINDOWS, platformName: WINDOWS, proxy: Proxy(), setWindowRect: true, strictFileInteractability: false, timeouts: {implicit: 0, pageLoad: 300000, script: 30000}, unhandledPromptBehavior: dismiss and notify, webauthn:extension:credBlob: true, webauthn:extension:largeBlob: true, webauthn:virtualAuthenticators: true}
Session ID: bc1b6aab553a0621d486e32e0d02ab48 
2023-01-15 17:13:51,998 INFO  [Log] Sign into Account PASSED 
2023-01-15 17:14:32,616 INFO  [Log] Sign into Account PASSED 
2023-01-15 17:53:47,145 INFO  [Log] Sign into Account PASSED 
2023-01-15 17:56:47,384 INFO  [Log] Sign into Account PASSED 
2023-01-15 21:35:35,685 INFO  [Log] LandingPage Test PASSED 
2023-01-15 21:38:49,753 INFO  [Log] LandingPage Test PASSED 
2023-01-15 21:39:26,083 ERROR [Log] LandingPage Test FAILED with cause : no such element: Unable to locate element: {"method":"css selector","selector":"#nav\-link\-accountList\-nav\-line\-1"}
  (Session info: chrome=109.0.5414.75)
For documentation on this error, please visit: https://www.seleniumhq.org/exceptions/no_such_element.html
Build info: version: '3.141.59', revision: 'e82be7d358', time: '2018-11-14T08:17:03'
System info: host: 'DESKTOP-7OT3C58', ip: '192.168.1.33', os.name: 'Windows 10', os.arch: 'amd64', os.version: '10.0', java.version: '11.0.12'
Driver info: org.openqa.selenium.chrome.ChromeDriver
Capabilities {acceptInsecureCerts: false, browserName: chrome, browserVersion: 109.0.5414.75, chrome: {chromedriverVersion: 109.0.5414.74 (e7c5703604da..., userDataDir: C:\Users\eshaz\AppData\Loca...}, goog:chromeOptions: {debuggerAddress: localhost:62334}, javascriptEnabled: true, networkConnectionEnabled: false, pageLoadStrategy: normal, platform: WINDOWS, platformName: WINDOWS, proxy: Proxy(), setWindowRect: true, strictFileInteractability: false, timeouts: {implicit: 0, pageLoad: 300000, script: 30000}, unhandledPromptBehavior: dismiss and notify, webauthn:extension:credBlob: true, webauthn:extension:largeBlob: true, webauthn:virtualAuthenticators: true}
Session ID: 73570ced4c5ee589a2a84edaeef21243
*** Element info: {Using=id, value=nav-link-accountList-nav-line-1} 
2023-01-15 21:39:26,145 INFO  [Log] Deleting Product from Virgosol ListDISABLED 
2023-01-15 21:40:10,721 INFO  [Log] LandingPage Test PASSED 
2023-01-15 21:40:10,723 INFO  [Log] user selects Bilgisayarlar from Dropdown MenuDISABLED 
2023-01-15 21:40:10,729 INFO  [Log] Deleting Product from Virgosol ListDISABLED 
2023-01-15 21:40:10,743 INFO  [Log] user creates a new ListDISABLED 
2023-01-15 21:43:06,488 INFO  [Log] LandingPage Test PASSED 
2023-01-15 21:52:05,582 INFO  [Log] LandingPage Test PASSED 
2023-01-15 21:54:02,181 INFO  [Log] LandingPage Test PASSED 
2023-01-15 21:55:38,723 ERROR [Log] LandingPage Test FAILED with cause : no such element: Unable to locate element: {"method":"css selector","selector":"#ap_password"}
  (Session info: chrome=109.0.5414.75)
For documentation on this error, please visit: https://www.seleniumhq.org/exceptions/no_such_element.html
Build info: version: '3.141.59', revision: 'e82be7d358', time: '2018-11-14T08:17:03'
System info: host: 'DESKTOP-7OT3C58', ip: '192.168.1.33', os.name: 'Windows 10', os.arch: 'amd64', os.version: '10.0', java.version: '11.0.12'
Driver info: org.openqa.selenium.chrome.ChromeDriver
Capabilities {acceptInsecureCerts: false, browserName: chrome, browserVersion: 109.0.5414.75, chrome: {chromedriverVersion: 109.0.5414.74 (e7c5703604da..., userDataDir: C:\Users\eshaz\AppData\Loca...}, goog:chromeOptions: {debuggerAddress: localhost:62816}, javascriptEnabled: true, networkConnectionEnabled: false, pageLoadStrategy: normal, platform: WINDOWS, platformName: WINDOWS, proxy: Proxy(), setWindowRect: true, strictFileInteractability: false, timeouts: {implicit: 0, pageLoad: 300000, script: 30000}, unhandledPromptBehavior: dismiss and notify, webauthn:extension:credBlob: true, webauthn:extension:largeBlob: true, webauthn:virtualAuthenticators: true}
Session ID: 01cfc5cb102d53ef0b7d679ac836bbcb
*** Element info: {Using=id, value=ap_password} 
2023-01-15 21:55:38,744 INFO  [Log] Deleting Product from Virgosol ListDISABLED 
2023-01-15 21:55:38,748 INFO  [Log] user selects Bilgisayarlar from Dropdown MenuDISABLED 
2023-01-15 21:55:38,751 INFO  [Log] Deleting Product from Virgosol ListDISABLED 
2023-01-15 21:55:38,753 INFO  [Log] user creates a new ListDISABLED 
2023-01-15 21:57:39,404 INFO  [Log] LandingPage Test PASSED 
2023-01-15 21:58:33,028 INFO  [Log] LandingPage Test PASSED 
2023-01-15 21:58:33,031 INFO  [Log] Deleting Product from Virgosol ListDISABLED 
2023-01-15 21:58:33,041 INFO  [Log] user selects Bilgisayarlar from Dropdown MenuDISABLED 
2023-01-15 21:58:33,046 INFO  [Log] Deleting Product from Virgosol ListDISABLED 
2023-01-15 21:58:33,051 INFO  [Log] user creates a new ListDISABLED 
2023-01-15 22:01:29,469 INFO  [Log] LandingPage Test PASSED 
2023-01-15 22:01:45,145 INFO  [Log] LandingPage Test PASSED 
2023-01-15 22:01:45,148 INFO  [Log] Deleting Product from Virgosol ListDISABLED 
2023-01-15 22:01:45,151 INFO  [Log] user selects Bilgisayarlar from Dropdown MenuDISABLED 
2023-01-15 22:01:45,153 INFO  [Log] Deleting Product from Virgosol ListDISABLED 
2023-01-15 22:01:48,751 INFO  [Log] user creates a new List PASSED 
2023-01-15 22:03:31,075 ERROR [Log] LandingPage Test FAILED with cause : no such window: target window already closed
from unknown error: web view not found
  (Session info: chrome=109.0.5414.75)
Build info: version: '3.141.59', revision: 'e82be7d358', time: '2018-11-14T08:17:03'
System info: host: 'DESKTOP-7OT3C58', ip: '192.168.1.33', os.name: 'Windows 10', os.arch: 'amd64', os.version: '10.0', java.version: '11.0.12'
Driver info: org.openqa.selenium.chrome.ChromeDriver
Capabilities {acceptInsecureCerts: false, browserName: chrome, browserVersion: 109.0.5414.75, chrome: {chromedriverVersion: 109.0.5414.74 (e7c5703604da..., userDataDir: C:\Users\eshaz\AppData\Loca...}, goog:chromeOptions: {debuggerAddress: localhost:63124}, javascriptEnabled: true, networkConnectionEnabled: false, pageLoadStrategy: normal, platform: WINDOWS, platformName: WINDOWS, proxy: Proxy(), setWindowRect: true, strictFileInteractability: false, timeouts: {implicit: 0, pageLoad: 300000, script: 30000}, unhandledPromptBehavior: dismiss and notify, webauthn:extension:credBlob: true, webauthn:extension:largeBlob: true, webauthn:virtualAuthenticators: true}
Session ID: eb41cb45d3c1592ad547efd9abcd39ab 
2023-01-15 22:03:31,159 ERROR [Log] LandingPage Test FAILED with cause : no such window: target window already closed
from unknown error: web view not found
  (Session info: chrome=109.0.5414.75)
Build info: version: '3.141.59', revision: 'e82be7d358', time: '2018-11-14T08:17:03'
System info: host: 'DESKTOP-7OT3C58', ip: '192.168.1.33', os.name: 'Windows 10', os.arch: 'amd64', os.version: '10.0', java.version: '11.0.12'
Driver info: org.openqa.selenium.chrome.ChromeDriver
Capabilities {acceptInsecureCerts: false, browserName: chrome, browserVersion: 109.0.5414.75, chrome: {chromedriverVersion: 109.0.5414.74 (e7c5703604da..., userDataDir: C:\Users\eshaz\AppData\Loca...}, goog:chromeOptions: {debuggerAddress: localhost:63124}, javascriptEnabled: true, networkConnectionEnabled: false, pageLoadStrategy: normal, platform: WINDOWS, platformName: WINDOWS, proxy: Proxy(), setWindowRect: true, strictFileInteractability: false, timeouts: {implicit: 0, pageLoad: 300000, script: 30000}, unhandledPromptBehavior: dismiss and notify, webauthn:extension:credBlob: true, webauthn:extension:largeBlob: true, webauthn:virtualAuthenticators: true}
Session ID: eb41cb45d3c1592ad547efd9abcd39ab
*** Element info: {Using=id, value=nav-link-accountList-nav-line-1} 
2023-01-15 22:03:31,175 INFO  [Log] Deleting Product from Virgosol ListDISABLED 
2023-01-15 22:03:31,206 ERROR [Log] user selects Bilgisayarlar from Dropdown Menu FAILED with cause : no such window: target window already closed
from unknown error: web view not found
  (Session info: chrome=109.0.5414.75)
Build info: version: '3.141.59', revision: 'e82be7d358', time: '2018-11-14T08:17:03'
System info: host: 'DESKTOP-7OT3C58', ip: '192.168.1.33', os.name: 'Windows 10', os.arch: 'amd64', os.version: '10.0', java.version: '11.0.12'
Driver info: org.openqa.selenium.chrome.ChromeDriver
Capabilities {acceptInsecureCerts: false, browserName: chrome, browserVersion: 109.0.5414.75, chrome: {chromedriverVersion: 109.0.5414.74 (e7c5703604da..., userDataDir: C:\Users\eshaz\AppData\Loca...}, goog:chromeOptions: {debuggerAddress: localhost:63124}, javascriptEnabled: true, networkConnectionEnabled: false, pageLoadStrategy: normal, platform: WINDOWS, platformName: WINDOWS, proxy: Proxy(), setWindowRect: true, strictFileInteractability: false, timeouts: {implicit: 0, pageLoad: 300000, script: 30000}, unhandledPromptBehavior: dismiss and notify, webauthn:extension:credBlob: true, webauthn:extension:largeBlob: true, webauthn:virtualAuthenticators: true}
Session ID: eb41cb45d3c1592ad547efd9abcd39ab 
2023-01-15 22:03:31,221 INFO  [Log] Deleting Product from Virgosol ListDISABLED 
2023-01-15 22:03:31,253 ERROR [Log] user creates a new List FAILED with cause : java.lang.reflect.InvocationTargetException
Build info: version: '3.141.59', revision: 'e82be7d358', time: '2018-11-14T08:17:03'
System info: host: 'DESKTOP-7OT3C58', ip: '192.168.1.33', os.name: 'Windows 10', os.arch: 'amd64', os.version: '10.0', java.version: '11.0.12'
Driver info: driver.version: RemoteWebDriver 
2023-01-15 22:04:26,953 INFO  [Log] LandingPage Test PASSED 
2023-01-15 22:04:36,432 INFO  [Log] LandingPage Test PASSED 
2023-01-15 22:04:36,437 INFO  [Log] Deleting Product from Virgosol ListDISABLED 
2023-01-15 22:05:32,168 INFO  [Log] user selects Bilgisayarlar from Dropdown Menu PASSED 
2023-01-15 22:05:32,170 INFO  [Log] Deleting Product from Virgosol ListDISABLED 
2023-01-15 22:05:35,649 INFO  [Log] user creates a new List PASSED 
2023-01-15 22:10:41,620 INFO  [Log] LandingPage Test PASSED 
2023-01-15 22:10:58,914 INFO  [Log] LandingPage Test PASSED 
2023-01-15 22:11:37,578 INFO  [Log] user selects Bilgisayarlar from Dropdown Menu PASSED 
2023-01-15 22:11:40,425 INFO  [Log] user creates a new List PASSED 
2023-01-15 22:11:40,429 INFO  [Log] User signs outDISABLED 
2023-01-15 22:11:40,432 INFO  [Log] User deletes product from Virgosol ListDISABLED 
2023-01-15 22:13:15,763 INFO  [Log] LandingPage Test PASSED 
2023-01-15 22:13:32,115 INFO  [Log] LandingPage Test PASSED 
2023-01-15 22:13:40,409 INFO  [Log] user creates a new List PASSED 
2023-01-15 22:14:32,124 INFO  [Log] user selects Bilgisayarlar from Dropdown Menu PASSED 
2023-01-15 22:14:32,127 INFO  [Log] User signs outDISABLED 
2023-01-15 22:14:32,131 INFO  [Log] User deletes product from Virgosol ListDISABLED 
2023-01-15 22:17:32,734 INFO  [Log] LandingPage Test PASSED 
2023-01-15 22:17:51,177 INFO  [Log] LandingPage Test PASSED 
2023-01-15 22:17:56,429 INFO  [Log] user creates a new List PASSED 
2023-01-15 22:18:17,345 ERROR [Log] user selects Bilgisayarlar from Dropdown Menu FAILED with cause : stale element reference: element is not attached to the page document
  (Session info: chrome=109.0.5414.75)
For documentation on this error, please visit: https://www.seleniumhq.org/exceptions/stale_element_reference.html
Build info: version: '3.141.59', revision: 'e82be7d358', time: '2018-11-14T08:17:03'
System info: host: 'DESKTOP-7OT3C58', ip: '192.168.1.33', os.name: 'Windows 10', os.arch: 'amd64', os.version: '10.0', java.version: '11.0.12'
Driver info: org.openqa.selenium.chrome.ChromeDriver
Capabilities {acceptInsecureCerts: false, browserName: chrome, browserVersion: 109.0.5414.75, chrome: {chromedriverVersion: 109.0.5414.74 (e7c5703604da..., userDataDir: C:\Users\eshaz\AppData\Loca...}, goog:chromeOptions: {debuggerAddress: localhost:63587}, javascriptEnabled: true, networkConnectionEnabled: false, pageLoadStrategy: normal, platform: WINDOWS, platformName: WINDOWS, proxy: Proxy(), setWindowRect: true, strictFileInteractability: false, timeouts: {implicit: 0, pageLoad: 300000, script: 30000}, unhandledPromptBehavior: dismiss and notify, webauthn:extension:credBlob: true, webauthn:extension:largeBlob: true, webauthn:virtualAuthenticators: true}
Session ID: 0cb50be55db0cf94b626787c690eba47 
2023-01-15 22:18:17,358 INFO  [Log] User signs outDISABLED 
2023-01-15 22:18:17,362 INFO  [Log] User deletes product from Virgosol ListDISABLED 
2023-01-15 22:20:18,434 INFO  [Log] LandingPage Test PASSED 
2023-01-15 22:20:25,560 INFO  [Log] LandingPage Test PASSED 
2023-01-15 22:20:42,553 INFO  [Log] user creates a new List PASSED 
2023-01-15 22:21:39,944 INFO  [Log] user selects Bilgisayarlar from Dropdown Menu PASSED 
2023-01-15 22:21:39,947 INFO  [Log] User signs outDISABLED 
2023-01-15 22:21:39,950 INFO  [Log] User deletes product from Virgosol ListDISABLED 
2023-01-15 22:22:51,709 INFO  [Log] LandingPage Test PASSED 
2023-01-15 22:23:10,365 INFO  [Log] LandingPage Test PASSED 
2023-01-15 22:23:18,760 INFO  [Log] user creates a new List PASSED 
2023-01-15 22:23:50,406 INFO  [Log] user selects Bilgisayarlar from Dropdown Menu PASSED 
2023-01-15 22:23:50,408 INFO  [Log] User signs outDISABLED 
2023-01-15 22:24:02,905 INFO  [Log] User deletes product from Virgosol List PASSED 
2023-01-15 22:24:59,284 INFO  [Log] LandingPage Test PASSED 
2023-01-15 22:25:15,543 INFO  [Log] LandingPage Test PASSED 
2023-01-15 22:25:28,813 INFO  [Log] user creates a new List PASSED 
2023-01-15 22:26:20,997 INFO  [Log] user selects Bilgisayarlar from Dropdown Menu PASSED 
2023-01-15 22:26:21,000 INFO  [Log] User signs outDISABLED 
2023-01-15 22:26:38,857 INFO  [Log] User deletes product from Virgosol List PASSED 
2023-01-15 22:31:45,687 INFO  [Log] LandingPage Test PASSED 
2023-01-15 22:32:24,506 INFO  [Log] LandingPage Test PASSED 
2023-01-15 22:32:35,622 INFO  [Log] user creates a new List PASSED 
2023-01-15 22:33:07,908 INFO  [Log] user selects Bilgisayarlar from Dropdown Menu PASSED 
2023-01-15 22:33:07,911 INFO  [Log] User signs outDISABLED 
2023-01-15 22:33:18,128 INFO  [Log] User deletes product from Virgosol List PASSED 
2023-01-15 22:38:08,290 INFO  [Log] LandingPage Test PASSED 
2023-01-15 22:38:30,305 INFO  [Log] LandingPage Test PASSED 
2023-01-15 22:38:35,224 INFO  [Log] user creates a new List PASSED 
2023-01-15 22:39:37,695 INFO  [Log] user selects Bilgisayarlar from Dropdown Menu PASSED 
2023-01-15 22:39:45,241 INFO  [Log] User signs out PASSED 
2023-01-15 22:39:55,330 ERROR [Log] User deletes product from Virgosol List FAILED with cause : java.lang.reflect.InvocationTargetException
Build info: version: '3.141.59', revision: 'e82be7d358', time: '2018-11-14T08:17:03'
System info: host: 'DESKTOP-7OT3C58', ip: '192.168.1.33', os.name: 'Windows 10', os.arch: 'amd64', os.version: '10.0', java.version: '11.0.12'
Driver info: driver.version: RemoteWebDriver 
2023-01-15 22:41:42,777 INFO  [Log] LandingPage Test PASSED 
2023-01-15 22:42:00,863 INFO  [Log] LandingPage Test PASSED 
2023-01-15 22:42:09,877 INFO  [Log] user creates a new List PASSED 
2023-01-15 22:42:41,612 INFO  [Log] user selects Bilgisayarlar from Dropdown Menu PASSED 
2023-01-15 22:42:43,002 ERROR [Log] User deletes product from Virgosol List FAILED with cause : element click intercepted: Element <input name="submit.deleteItem" class="a-button-input a-declarative" type="submit" aria-labelledby="delete-button-I291SVGSV8V6GY-announce"> is not clickable at point (1172, 417). Other element would receive the click: <div id="nav-cover" style="z-index: 1; height: 4227px; display: block;"></div>
  (Session info: chrome=109.0.5414.75)
Build info: version: '3.141.59', revision: 'e82be7d358', time: '2018-11-14T08:17:03'
System info: host: 'DESKTOP-7OT3C58', ip: '192.168.1.33', os.name: 'Windows 10', os.arch: 'amd64', os.version: '10.0', java.version: '11.0.12'
Driver info: org.openqa.selenium.chrome.ChromeDriver
Capabilities {acceptInsecureCerts: false, browserName: chrome, browserVersion: 109.0.5414.75, chrome: {chromedriverVersion: 109.0.5414.74 (e7c5703604da..., userDataDir: C:\Users\eshaz\AppData\Loca...}, goog:chromeOptions: {debuggerAddress: localhost:64280}, javascriptEnabled: true, networkConnectionEnabled: false, pageLoadStrategy: normal, platform: WINDOWS, platformName: WINDOWS, proxy: Proxy(), setWindowRect: true, strictFileInteractability: false, timeouts: {implicit: 0, pageLoad: 300000, script: 30000}, unhandledPromptBehavior: dismiss and notify, webauthn:extension:credBlob: true, webauthn:extension:largeBlob: true, webauthn:virtualAuthenticators: true}
Session ID: ea0dbfce53f4927e5946c21b4279e2b4 
2023-01-15 22:42:48,028 INFO  [Log] User signs out PASSED 
2023-01-15 22:45:49,933 INFO  [Log] LandingPage Test PASSED 
2023-01-15 22:46:10,093 INFO  [Log] LandingPage Test PASSED 
2023-01-15 22:46:18,480 INFO  [Log] user creates a new List PASSED 
2023-01-15 22:46:49,617 INFO  [Log] user selects Bilgisayarlar from Dropdown Menu PASSED 
2023-01-15 22:46:49,620 INFO  [Log] User signs outDISABLED 
2023-01-15 22:47:02,654 INFO  [Log] User deletes product from Virgosol List PASSED 
2023-01-15 22:49:13,577 INFO  [Log] LandingPage Test PASSED 
2023-01-15 22:49:20,959 INFO  [Log] LandingPage Test PASSED 
2023-01-15 22:49:39,709 INFO  [Log] user creates a new List PASSED 
2023-01-15 22:50:34,841 INFO  [Log] user selects Bilgisayarlar from Dropdown Menu PASSED 
2023-01-15 22:50:34,844 INFO  [Log] User signs outDISABLED 
2023-01-15 22:50:45,107 INFO  [Log] User deletes product from Virgosol List PASSED 
2023-01-15 22:52:29,985 INFO  [Log] LandingPage Test PASSED 
2023-01-15 22:52:36,218 INFO  [Log] LandingPage Test PASSED 
2023-01-15 22:52:57,838 INFO  [Log] user creates a new List PASSED 
2023-01-15 22:53:36,274 INFO  [Log] user selects Bilgisayarlar from Dropdown Menu PASSED 
2023-01-15 22:53:40,611 INFO  [Log] User signs out PASSED 
2023-01-15 22:53:50,683 ERROR [Log] User deletes product from Virgosol List FAILED with cause : no such element: Unable to locate element: {"method":"xpath","selector":"//input[@name='submit.deleteItem']"}
  (Session info: chrome=109.0.5414.75)
For documentation on this error, please visit: https://www.seleniumhq.org/exceptions/no_such_element.html
Build info: version: '3.141.59', revision: 'e82be7d358', time: '2018-11-14T08:17:03'
System info: host: 'DESKTOP-7OT3C58', ip: '192.168.1.33', os.name: 'Windows 10', os.arch: 'amd64', os.version: '10.0', java.version: '11.0.12'
Driver info: org.openqa.selenium.chrome.ChromeDriver
Capabilities {acceptInsecureCerts: false, browserName: chrome, browserVersion: 109.0.5414.75, chrome: {chromedriverVersion: 109.0.5414.74 (e7c5703604da..., userDataDir: C:\Users\eshaz\AppData\Loca...}, goog:chromeOptions: {debuggerAddress: localhost:64601}, javascriptEnabled: true, networkConnectionEnabled: false, pageLoadStrategy: normal, platform: WINDOWS, platformName: WINDOWS, proxy: Proxy(), setWindowRect: true, strictFileInteractability: false, timeouts: {implicit: 0, pageLoad: 300000, script: 30000}, unhandledPromptBehavior: dismiss and notify, webauthn:extension:credBlob: true, webauthn:extension:largeBlob: true, webauthn:virtualAuthenticators: true}
Session ID: d4d7ba88156709891b0e6b51fe4ead7b
*** Element info: {Using=xpath, value=//input[@name='submit.deleteItem']} 
2023-01-15 22:55:31,224 INFO  [Log] LandingPage Test PASSED 
2023-01-15 22:55:40,035 INFO  [Log] LandingPage Test PASSED 
2023-01-15 22:57:18,982 INFO  [Log] LandingPage Test PASSED 
2023-01-15 22:57:34,985 INFO  [Log] LandingPage Test PASSED 
2023-01-15 22:57:43,984 INFO  [Log] user creates a new List PASSED 
2023-01-15 22:58:18,430 INFO  [Log] user selects Bilgisayarlar from Dropdown Menu PASSED 
2023-01-15 22:58:20,570 INFO  [Log] User signs out PASSED 
2023-01-15 22:58:30,633 ERROR [Log] User deletes product from Virgosol List FAILED with cause : no such element: Unable to locate element: {"method":"xpath","selector":"//input[@name='submit.deleteItem']"}
  (Session info: chrome=109.0.5414.75)
For documentation on this error, please visit: https://www.seleniumhq.org/exceptions/no_such_element.html
Build info: version: '3.141.59', revision: 'e82be7d358', time: '2018-11-14T08:17:03'
System info: host: 'DESKTOP-7OT3C58', ip: '192.168.1.33', os.name: 'Windows 10', os.arch: 'amd64', os.version: '10.0', java.version: '11.0.12'
Driver info: org.openqa.selenium.chrome.ChromeDriver
Capabilities {acceptInsecureCerts: false, browserName: chrome, browserVersion: 109.0.5414.75, chrome: {chromedriverVersion: 109.0.5414.74 (e7c5703604da..., userDataDir: C:\Users\eshaz\AppData\Loca...}, goog:chromeOptions: {debuggerAddress: localhost:64787}, javascriptEnabled: true, networkConnectionEnabled: false, pageLoadStrategy: normal, platform: WINDOWS, platformName: WINDOWS, proxy: Proxy(), setWindowRect: true, strictFileInteractability: false, timeouts: {implicit: 0, pageLoad: 300000, script: 30000}, unhandledPromptBehavior: dismiss and notify, webauthn:extension:credBlob: true, webauthn:extension:largeBlob: true, webauthn:virtualAuthenticators: true}
Session ID: 729f62896bf69438f1bf627801a6be92
*** Element info: {Using=xpath, value=//input[@name='submit.deleteItem']} 
2023-01-15 22:59:40,762 INFO  [Log] LandingPage Test PASSED 
2023-01-15 22:59:47,172 INFO  [Log] LandingPage Test PASSED 
2023-01-15 23:00:05,839 INFO  [Log] user creates a new List PASSED 
2023-01-15 23:00:37,567 INFO  [Log] user selects Bilgisayarlar from Dropdown Menu PASSED 
2023-01-15 23:00:40,577 INFO  [Log] User signs out PASSED 
2023-01-15 23:00:49,585 ERROR [Log] User deletes product from Virgosol List FAILED with cause : Cannot locate an element using xpath=//input[@name='submit.deleteItem']
For documentation on this error, please visit: https://www.seleniumhq.org/exceptions/no_such_element.html
Build info: version: '3.141.59', revision: 'e82be7d358', time: '2018-11-14T08:17:03'
System info: host: 'DESKTOP-7OT3C58', ip: '192.168.1.33', os.name: 'Windows 10', os.arch: 'amd64', os.version: '10.0', java.version: '11.0.12'
Driver info: driver.version: RemoteWebDriver 
2023-01-15 23:05:34,145 ERROR [Log] LandingPage Test FAILED with cause : no such element: Unable to locate element: {"method":"css selector","selector":"#sp\-cc\-accept"}
  (Session info: chrome=109.0.5414.75)
For documentation on this error, please visit: https://www.seleniumhq.org/exceptions/no_such_element.html
Build info: version: '3.141.59', revision: 'e82be7d358', time: '2018-11-14T08:17:03'
System info: host: 'DESKTOP-7OT3C58', ip: '192.168.1.33', os.name: 'Windows 10', os.arch: 'amd64', os.version: '10.0', java.version: '11.0.12'
Driver info: org.openqa.selenium.chrome.ChromeDriver
Capabilities {acceptInsecureCerts: false, browserName: chrome, browserVersion: 109.0.5414.75, chrome: {chromedriverVersion: 109.0.5414.74 (e7c5703604da..., userDataDir: C:\Users\eshaz\AppData\Loca...}, goog:chromeOptions: {debuggerAddress: localhost:65005}, javascriptEnabled: true, networkConnectionEnabled: false, pageLoadStrategy: normal, platform: WINDOWS, platformName: WINDOWS, proxy: Proxy(), setWindowRect: true, strictFileInteractability: false, timeouts: {implicit: 0, pageLoad: 300000, script: 30000}, unhandledPromptBehavior: dismiss and notify, webauthn:extension:credBlob: true, webauthn:extension:largeBlob: true, webauthn:virtualAuthenticators: true}
Session ID: 419a983d84a28147473744a1f33e84a6
*** Element info: {Using=id, value=sp-cc-accept} 
2023-01-15 23:05:51,591 ERROR [Log] LandingPage Test FAILED with cause : target frame detached
  (failed to check if window was closed: disconnected: Unable to receive message from renderer)
  (Session info: chrome=109.0.5414.75)
Build info: version: '3.141.59', revision: 'e82be7d358', time: '2018-11-14T08:17:03'
System info: host: 'DESKTOP-7OT3C58', ip: '192.168.1.33', os.name: 'Windows 10', os.arch: 'amd64', os.version: '10.0', java.version: '11.0.12'
Driver info: org.openqa.selenium.chrome.ChromeDriver
Capabilities {acceptInsecureCerts: false, browserName: chrome, browserVersion: 109.0.5414.75, chrome: {chromedriverVersion: 109.0.5414.74 (e7c5703604da..., userDataDir: C:\Users\eshaz\AppData\Loca...}, goog:chromeOptions: {debuggerAddress: localhost:65005}, javascriptEnabled: true, networkConnectionEnabled: false, pageLoadStrategy: normal, platform: WINDOWS, platformName: WINDOWS, proxy: Proxy(), setWindowRect: true, strictFileInteractability: false, timeouts: {implicit: 0, pageLoad: 300000, script: 30000}, unhandledPromptBehavior: dismiss and notify, webauthn:extension:credBlob: true, webauthn:extension:largeBlob: true, webauthn:virtualAuthenticators: true}
Session ID: 419a983d84a28147473744a1f33e84a6 
2023-01-15 23:06:51,811 INFO  [Log] LandingPage Test PASSED 
2023-01-15 23:07:13,769 INFO  [Log] LandingPage Test PASSED 
2023-01-15 23:07:23,808 INFO  [Log] user creates a new List PASSED 
2023-01-15 23:07:58,508 INFO  [Log] user selects Bilgisayarlar from Dropdown Menu PASSED 
2023-01-15 23:08:00,306 INFO  [Log] User signs out PASSED 
2023-01-15 23:08:11,366 ERROR [Log] User deletes product from Virgosol List FAILED with cause : no such element: Unable to locate element: {"method":"xpath","selector":"//input[@name='submit.deleteItem']"}
  (Session info: chrome=109.0.5414.75)
For documentation on this error, please visit: https://www.seleniumhq.org/exceptions/no_such_element.html
Build info: version: '3.141.59', revision: 'e82be7d358', time: '2018-11-14T08:17:03'
System info: host: 'DESKTOP-7OT3C58', ip: '192.168.1.33', os.name: 'Windows 10', os.arch: 'amd64', os.version: '10.0', java.version: '11.0.12'
Driver info: org.openqa.selenium.chrome.ChromeDriver
Capabilities {acceptInsecureCerts: false, browserName: chrome, browserVersion: 109.0.5414.75, chrome: {chromedriverVersion: 109.0.5414.74 (e7c5703604da..., userDataDir: C:\Users\eshaz\AppData\Loca...}, goog:chromeOptions: {debuggerAddress: localhost:65082}, javascriptEnabled: true, networkConnectionEnabled: false, pageLoadStrategy: normal, platform: WINDOWS, platformName: WINDOWS, proxy: Proxy(), setWindowRect: true, strictFileInteractability: false, timeouts: {implicit: 0, pageLoad: 300000, script: 30000}, unhandledPromptBehavior: dismiss and notify, webauthn:extension:credBlob: true, webauthn:extension:largeBlob: true, webauthn:virtualAuthenticators: true}
Session ID: cd4f34ab212c3bb78e8646d99dba64d5
*** Element info: {Using=xpath, value=//input[@name='submit.deleteItem']} 
2023-01-15 23:09:30,274 ERROR [Log] LandingPage Test FAILED with cause : no such window: target window already closed
from unknown error: web view not found
  (Session info: chrome=109.0.5414.75)
Build info: version: '3.141.59', revision: 'e82be7d358', time: '2018-11-14T08:17:03'
System info: host: 'DESKTOP-7OT3C58', ip: '192.168.1.33', os.name: 'Windows 10', os.arch: 'amd64', os.version: '10.0', java.version: '11.0.12'
Driver info: org.openqa.selenium.chrome.ChromeDriver
Capabilities {acceptInsecureCerts: false, browserName: chrome, browserVersion: 109.0.5414.75, chrome: {chromedriverVersion: 109.0.5414.74 (e7c5703604da..., userDataDir: C:\Users\eshaz\AppData\Loca...}, goog:chromeOptions: {debuggerAddress: localhost:65201}, javascriptEnabled: true, networkConnectionEnabled: false, pageLoadStrategy: normal, platform: WINDOWS, platformName: WINDOWS, proxy: Proxy(), setWindowRect: true, strictFileInteractability: false, timeouts: {implicit: 0, pageLoad: 300000, script: 30000}, unhandledPromptBehavior: dismiss and notify, webauthn:extension:credBlob: true, webauthn:extension:largeBlob: true, webauthn:virtualAuthenticators: true}
Session ID: 0e88a717b2a54c78dbcc411f742a134b 
2023-01-15 23:09:30,397 ERROR [Log] LandingPage Test FAILED with cause : no such window: target window already closed
from unknown error: web view not found
  (Session info: chrome=109.0.5414.75)
Build info: version: '3.141.59', revision: 'e82be7d358', time: '2018-11-14T08:17:03'
System info: host: 'DESKTOP-7OT3C58', ip: '192.168.1.33', os.name: 'Windows 10', os.arch: 'amd64', os.version: '10.0', java.version: '11.0.12'
Driver info: org.openqa.selenium.chrome.ChromeDriver
Capabilities {acceptInsecureCerts: false, browserName: chrome, browserVersion: 109.0.5414.75, chrome: {chromedriverVersion: 109.0.5414.74 (e7c5703604da..., userDataDir: C:\Users\eshaz\AppData\Loca...}, goog:chromeOptions: {debuggerAddress: localhost:65201}, javascriptEnabled: true, networkConnectionEnabled: false, pageLoadStrategy: normal, platform: WINDOWS, platformName: WINDOWS, proxy: Proxy(), setWindowRect: true, strictFileInteractability: false, timeouts: {implicit: 0, pageLoad: 300000, script: 30000}, unhandledPromptBehavior: dismiss and notify, webauthn:extension:credBlob: true, webauthn:extension:largeBlob: true, webauthn:virtualAuthenticators: true}
Session ID: 0e88a717b2a54c78dbcc411f742a134b
*** Element info: {Using=id, value=nav-link-accountList-nav-line-1} 
2023-01-15 23:09:30,498 ERROR [Log] user creates a new List FAILED with cause : java.lang.reflect.InvocationTargetException
Build info: version: '3.141.59', revision: 'e82be7d358', time: '2018-11-14T08:17:03'
System info: host: 'DESKTOP-7OT3C58', ip: '192.168.1.33', os.name: 'Windows 10', os.arch: 'amd64', os.version: '10.0', java.version: '11.0.12'
Driver info: driver.version: RemoteWebDriver 
2023-01-15 23:09:30,545 ERROR [Log] user selects Bilgisayarlar from Dropdown Menu FAILED with cause : no such window: target window already closed
from unknown error: web view not found
  (Session info: chrome=109.0.5414.75)
Build info: version: '3.141.59', revision: 'e82be7d358', time: '2018-11-14T08:17:03'
System info: host: 'DESKTOP-7OT3C58', ip: '192.168.1.33', os.name: 'Windows 10', os.arch: 'amd64', os.version: '10.0', java.version: '11.0.12'
Driver info: org.openqa.selenium.chrome.ChromeDriver
Capabilities {acceptInsecureCerts: false, browserName: chrome, browserVersion: 109.0.5414.75, chrome: {chromedriverVersion: 109.0.5414.74 (e7c5703604da..., userDataDir: C:\Users\eshaz\AppData\Loca...}, goog:chromeOptions: {debuggerAddress: localhost:65201}, javascriptEnabled: true, networkConnectionEnabled: false, pageLoadStrategy: normal, platform: WINDOWS, platformName: WINDOWS, proxy: Proxy(), setWindowRect: true, strictFileInteractability: false, timeouts: {implicit: 0, pageLoad: 300000, script: 30000}, unhandledPromptBehavior: dismiss and notify, webauthn:extension:credBlob: true, webauthn:extension:largeBlob: true, webauthn:virtualAuthenticators: true}
Session ID: 0e88a717b2a54c78dbcc411f742a134b 
2023-01-15 23:09:30,587 ERROR [Log] User signs out FAILED with cause : java.lang.reflect.InvocationTargetException
Build info: version: '3.141.59', revision: 'e82be7d358', time: '2018-11-14T08:17:03'
System info: host: 'DESKTOP-7OT3C58', ip: '192.168.1.33', os.name: 'Windows 10', os.arch: 'amd64', os.version: '10.0', java.version: '11.0.12'
Driver info: driver.version: RemoteWebDriver 
2023-01-15 23:09:30,625 ERROR [Log] User deletes product from Virgosol List FAILED with cause : no such window: target window already closed
from unknown error: web view not found
  (Session info: chrome=109.0.5414.75)
Build info: version: '3.141.59', revision: 'e82be7d358', time: '2018-11-14T08:17:03'
System info: host: 'DESKTOP-7OT3C58', ip: '192.168.1.33', os.name: 'Windows 10', os.arch: 'amd64', os.version: '10.0', java.version: '11.0.12'
Driver info: org.openqa.selenium.chrome.ChromeDriver
Capabilities {acceptInsecureCerts: false, browserName: chrome, browserVersion: 109.0.5414.75, chrome: {chromedriverVersion: 109.0.5414.74 (e7c5703604da..., userDataDir: C:\Users\eshaz\AppData\Loca...}, goog:chromeOptions: {debuggerAddress: localhost:65201}, javascriptEnabled: true, networkConnectionEnabled: false, pageLoadStrategy: normal, platform: WINDOWS, platformName: WINDOWS, proxy: Proxy(), setWindowRect: true, strictFileInteractability: false, timeouts: {implicit: 0, pageLoad: 300000, script: 30000}, unhandledPromptBehavior: dismiss and notify, webauthn:extension:credBlob: true, webauthn:extension:largeBlob: true, webauthn:virtualAuthenticators: true}
Session ID: 0e88a717b2a54c78dbcc411f742a134b 
2023-01-15 23:10:29,049 INFO  [Log] LandingPage Test PASSED 
2023-01-15 23:10:51,572 INFO  [Log] LandingPage Test PASSED 
2023-01-15 23:11:00,341 INFO  [Log] user creates a new List PASSED 
2023-01-15 23:12:14,714 INFO  [Log] user selects Bilgisayarlar from Dropdown Menu PASSED 
2023-01-15 23:12:21,582 INFO  [Log] User signs out PASSED 
2023-01-15 23:12:29,298 ERROR [Log] User deletes product from Virgosol List FAILED with cause : target frame detached
  (failed to check if window was closed: disconnected: Unable to receive message from renderer)
  (Session info: chrome=109.0.5414.75)
Build info: version: '3.141.59', revision: 'e82be7d358', time: '2018-11-14T08:17:03'
System info: host: 'DESKTOP-7OT3C58', ip: '192.168.1.33', os.name: 'Windows 10', os.arch: 'amd64', os.version: '10.0', java.version: '11.0.12'
Driver info: org.openqa.selenium.chrome.ChromeDriver
Capabilities {acceptInsecureCerts: false, browserName: chrome, browserVersion: 109.0.5414.75, chrome: {chromedriverVersion: 109.0.5414.74 (e7c5703604da..., userDataDir: C:\Users\eshaz\AppData\Loca...}, goog:chromeOptions: {debuggerAddress: localhost:65245}, javascriptEnabled: true, networkConnectionEnabled: false, pageLoadStrategy: normal, platform: WINDOWS, platformName: WINDOWS, proxy: Proxy(), setWindowRect: true, strictFileInteractability: false, timeouts: {implicit: 0, pageLoad: 300000, script: 30000}, unhandledPromptBehavior: dismiss and notify, webauthn:extension:credBlob: true, webauthn:extension:largeBlob: true, webauthn:virtualAuthenticators: true}
Session ID: 4e161cfc0d6d7ab482e3f69b8eda60d4
*** Element info: {Using=xpath, value=//input[@name='submit.deleteItem']} 
2023-01-15 23:14:35,496 INFO  [Log] LandingPage Test PASSED 
2023-01-15 23:14:43,257 INFO  [Log] LandingPage Test PASSED 
2023-01-15 23:14:55,303 INFO  [Log] user creates a new List PASSED 
2023-01-15 23:15:32,699 INFO  [Log] user selects Bilgisayarlar from Dropdown Menu PASSED 
2023-01-15 23:15:40,703 INFO  [Log] User signs out PASSED 
2023-01-15 23:15:50,790 ERROR [Log] User deletes product from Virgosol List FAILED with cause : java.lang.reflect.InvocationTargetException
Build info: version: '3.141.59', revision: 'e82be7d358', time: '2018-11-14T08:17:03'
System info: host: 'DESKTOP-7OT3C58', ip: '192.168.1.33', os.name: 'Windows 10', os.arch: 'amd64', os.version: '10.0', java.version: '11.0.12'
Driver info: driver.version: RemoteWebDriver 
2023-01-15 23:18:14,964 ERROR [Log] LandingPage Test FAILED with cause : no such window: target window already closed
from unknown error: web view not found
  (Session info: chrome=109.0.5414.75)
Build info: version: '3.141.59', revision: 'e82be7d358', time: '2018-11-14T08:17:03'
System info: host: 'DESKTOP-7OT3C58', ip: '192.168.1.33', os.name: 'Windows 10', os.arch: 'amd64', os.version: '10.0', java.version: '11.0.12'
Driver info: org.openqa.selenium.chrome.ChromeDriver
Capabilities {acceptInsecureCerts: false, browserName: chrome, browserVersion: 109.0.5414.75, chrome: {chromedriverVersion: 109.0.5414.74 (e7c5703604da..., userDataDir: C:\Users\eshaz\AppData\Loca...}, goog:chromeOptions: {debuggerAddress: localhost:65486}, javascriptEnabled: true, networkConnectionEnabled: false, pageLoadStrategy: normal, platform: WINDOWS, platformName: WINDOWS, proxy: Proxy(), setWindowRect: true, strictFileInteractability: false, timeouts: {implicit: 0, pageLoad: 300000, script: 30000}, unhandledPromptBehavior: dismiss and notify, webauthn:extension:credBlob: true, webauthn:extension:largeBlob: true, webauthn:virtualAuthenticators: true}
Session ID: 6c9c496e1ce39aa2aa5d564cc6ab4c80 
2023-01-15 23:18:15,085 ERROR [Log] LandingPage Test FAILED with cause : no such window: target window already closed
from unknown error: web view not found
  (Session info: chrome=109.0.5414.75)
Build info: version: '3.141.59', revision: 'e82be7d358', time: '2018-11-14T08:17:03'
System info: host: 'DESKTOP-7OT3C58', ip: '192.168.1.33', os.name: 'Windows 10', os.arch: 'amd64', os.version: '10.0', java.version: '11.0.12'
Driver info: org.openqa.selenium.chrome.ChromeDriver
Capabilities {acceptInsecureCerts: false, browserName: chrome, browserVersion: 109.0.5414.75, chrome: {chromedriverVersion: 109.0.5414.74 (e7c5703604da..., userDataDir: C:\Users\eshaz\AppData\Loca...}, goog:chromeOptions: {debuggerAddress: localhost:65486}, javascriptEnabled: true, networkConnectionEnabled: false, pageLoadStrategy: normal, platform: WINDOWS, platformName: WINDOWS, proxy: Proxy(), setWindowRect: true, strictFileInteractability: false, timeouts: {implicit: 0, pageLoad: 300000, script: 30000}, unhandledPromptBehavior: dismiss and notify, webauthn:extension:credBlob: true, webauthn:extension:largeBlob: true, webauthn:virtualAuthenticators: true}
Session ID: 6c9c496e1ce39aa2aa5d564cc6ab4c80
*** Element info: {Using=id, value=nav-link-accountList-nav-line-1} 
2023-01-15 23:18:15,120 ERROR [Log] user creates a new List FAILED with cause : java.lang.reflect.InvocationTargetException
Build info: version: '3.141.59', revision: 'e82be7d358', time: '2018-11-14T08:17:03'
System info: host: 'DESKTOP-7OT3C58', ip: '192.168.1.33', os.name: 'Windows 10', os.arch: 'amd64', os.version: '10.0', java.version: '11.0.12'
Driver info: driver.version: RemoteWebDriver 
2023-01-15 23:18:15,188 ERROR [Log] user selects Bilgisayarlar from Dropdown Menu FAILED with cause : no such window: target window already closed
from unknown error: web view not found
  (Session info: chrome=109.0.5414.75)
Build info: version: '3.141.59', revision: 'e82be7d358', time: '2018-11-14T08:17:03'
System info: host: 'DESKTOP-7OT3C58', ip: '192.168.1.33', os.name: 'Windows 10', os.arch: 'amd64', os.version: '10.0', java.version: '11.0.12'
Driver info: org.openqa.selenium.chrome.ChromeDriver
Capabilities {acceptInsecureCerts: false, browserName: chrome, browserVersion: 109.0.5414.75, chrome: {chromedriverVersion: 109.0.5414.74 (e7c5703604da..., userDataDir: C:\Users\eshaz\AppData\Loca...}, goog:chromeOptions: {debuggerAddress: localhost:65486}, javascriptEnabled: true, networkConnectionEnabled: false, pageLoadStrategy: normal, platform: WINDOWS, platformName: WINDOWS, proxy: Proxy(), setWindowRect: true, strictFileInteractability: false, timeouts: {implicit: 0, pageLoad: 300000, script: 30000}, unhandledPromptBehavior: dismiss and notify, webauthn:extension:credBlob: true, webauthn:extension:largeBlob: true, webauthn:virtualAuthenticators: true}
Session ID: 6c9c496e1ce39aa2aa5d564cc6ab4c80 
2023-01-15 23:18:15,200 INFO  [Log] User signs outDISABLED 
2023-01-15 23:18:15,261 ERROR [Log] User deletes product from Virgosol List FAILED with cause : java.lang.reflect.InvocationTargetException
Build info: version: '3.141.59', revision: 'e82be7d358', time: '2018-11-14T08:17:03'
System info: host: 'DESKTOP-7OT3C58', ip: '192.168.1.33', os.name: 'Windows 10', os.arch: 'amd64', os.version: '10.0', java.version: '11.0.12'
Driver info: driver.version: RemoteWebDriver 
2023-01-15 23:21:26,673 INFO  [Log] LandingPage Test PASSED 
2023-01-15 23:21:45,167 INFO  [Log] LandingPage Test PASSED 
2023-01-15 23:21:49,107 INFO  [Log] user creates a new List PASSED 
2023-01-15 23:22:50,041 INFO  [Log] user selects Bilgisayarlar from Dropdown Menu PASSED 
2023-01-15 23:22:57,359 INFO  [Log] User signs out PASSED 
2023-01-15 23:23:07,434 ERROR [Log] User deletes product from Virgosol List FAILED with cause : no such element: Unable to locate element: {"method":"xpath","selector":"(//input[@name='submit.deleteItem'])[1]"}
  (Session info: chrome=109.0.5414.75)
For documentation on this error, please visit: https://www.seleniumhq.org/exceptions/no_such_element.html
Build info: version: '3.141.59', revision: 'e82be7d358', time: '2018-11-14T08:17:03'
System info: host: 'DESKTOP-7OT3C58', ip: '192.168.1.33', os.name: 'Windows 10', os.arch: 'amd64', os.version: '10.0', java.version: '11.0.12'
Driver info: org.openqa.selenium.chrome.ChromeDriver
Capabilities {acceptInsecureCerts: false, browserName: chrome, browserVersion: 109.0.5414.75, chrome: {chromedriverVersion: 109.0.5414.74 (e7c5703604da..., userDataDir: C:\Users\eshaz\AppData\Loca...}, goog:chromeOptions: {debuggerAddress: localhost:65534}, javascriptEnabled: true, networkConnectionEnabled: false, pageLoadStrategy: normal, platform: WINDOWS, platformName: WINDOWS, proxy: Proxy(), setWindowRect: true, strictFileInteractability: false, timeouts: {implicit: 0, pageLoad: 300000, script: 30000}, unhandledPromptBehavior: dismiss and notify, webauthn:extension:credBlob: true, webauthn:extension:largeBlob: true, webauthn:virtualAuthenticators: true}
Session ID: 45a07cca82d5655bab3bac5a66f0b191
*** Element info: {Using=xpath, value=(//input[@name='submit.deleteItem'])[1]} 
2023-01-15 23:24:36,924 INFO  [Log] LandingPage Test PASSED 
2023-01-15 23:25:12,070 INFO  [Log] LandingPage Test PASSED 
2023-01-15 23:25:32,615 INFO  [Log] user creates a new List PASSED 
2023-01-15 23:27:32,186 INFO  [Log] user selects Bilgisayarlar from Dropdown Menu PASSED 
2023-01-15 23:27:32,190 INFO  [Log] User signs outDISABLED 
2023-01-15 23:27:42,519 INFO  [Log] User deletes product from Virgosol List PASSED 
2023-01-15 23:31:04,641 INFO  [Log] LandingPage Test PASSED 
2023-01-15 23:31:31,339 INFO  [Log] LandingPage Test PASSED 
2023-01-15 23:31:41,820 INFO  [Log] user creates a new List PASSED 
2023-01-15 23:32:36,134 INFO  [Log] user selects Bilgisayarlar from Dropdown Menu PASSED 
2023-01-15 23:32:44,833 INFO  [Log] User signs out PASSED 
2023-01-15 23:32:54,924 ERROR [Log] User deletes product from Virgosol List FAILED with cause : no such element: Unable to locate element: {"method":"xpath","selector":"//input[@name='submit.deleteItem']"}
  (Session info: chrome=109.0.5414.75)
For documentation on this error, please visit: https://www.seleniumhq.org/exceptions/no_such_element.html
Build info: version: '3.141.59', revision: 'e82be7d358', time: '2018-11-14T08:17:03'
System info: host: 'DESKTOP-7OT3C58', ip: '192.168.1.33', os.name: 'Windows 10', os.arch: 'amd64', os.version: '10.0', java.version: '11.0.12'
Driver info: org.openqa.selenium.chrome.ChromeDriver
Capabilities {acceptInsecureCerts: false, browserName: chrome, browserVersion: 109.0.5414.75, chrome: {chromedriverVersion: 109.0.5414.74 (e7c5703604da..., userDataDir: C:\Users\eshaz\AppData\Loca...}, goog:chromeOptions: {debuggerAddress: localhost:49486}, javascriptEnabled: true, networkConnectionEnabled: false, pageLoadStrategy: normal, platform: WINDOWS, platformName: WINDOWS, proxy: Proxy(), setWindowRect: true, strictFileInteractability: false, timeouts: {implicit: 0, pageLoad: 300000, script: 30000}, unhandledPromptBehavior: dismiss and notify, webauthn:extension:credBlob: true, webauthn:extension:largeBlob: true, webauthn:virtualAuthenticators: true}
Session ID: 0d6858b1413ea6664493217185cacaf8
*** Element info: {Using=xpath, value=//input[@name='submit.deleteItem']} 
2023-01-15 23:38:27,193 INFO  [Log] LandingPage Test PASSED 
2023-01-15 23:38:33,486 INFO  [Log] LandingPage Test PASSED 
2023-01-15 23:38:36,982 INFO  [Log] user creates a new List PASSED 
2023-01-15 23:38:54,669 INFO  [Log] user selects Bilgisayarlar from Dropdown Menu PASSED 
2023-01-15 23:38:56,290 INFO  [Log] User signs out PASSED 
2023-01-15 23:39:16,390 ERROR [Log] User deletes product from Virgosol List FAILED with cause : Expected condition failed: waiting for element to be clickable: Proxy element for: DefaultElementLocator 'By.xpath: //input[@name='submit.deleteItem']' (tried for 10 second(s) with 500 milliseconds interval) 
2023-01-15 23:40:20,908 INFO  [Log] LandingPage Test PASSED 
2023-01-15 23:40:27,295 INFO  [Log] LandingPage Test PASSED 
2023-01-15 23:40:30,685 INFO  [Log] user creates a new List PASSED 
2023-01-15 23:40:47,245 INFO  [Log] user selects Bilgisayarlar from Dropdown Menu PASSED 
2023-01-15 23:40:48,656 INFO  [Log] User signs out PASSED 
2023-01-15 23:40:58,750 ERROR [Log] User deletes product from Virgosol List FAILED with cause : java.lang.reflect.InvocationTargetException
Build info: version: '3.141.59', revision: 'e82be7d358', time: '2018-11-14T08:17:03'
System info: host: 'DESKTOP-7OT3C58', ip: '192.168.1.33', os.name: 'Windows 10', os.arch: 'amd64', os.version: '10.0', java.version: '11.0.12'
Driver info: driver.version: RemoteWebDriver 
2023-01-15 23:41:56,387 INFO  [Log] LandingPage Test PASSED 
2023-01-15 23:42:02,333 INFO  [Log] LandingPage Test PASSED 
2023-01-15 23:42:06,570 INFO  [Log] user creates a new List PASSED 
2023-01-15 23:42:24,074 INFO  [Log] user selects Bilgisayarlar from Dropdown Menu PASSED 
2023-01-15 23:42:27,662 INFO  [Log] User signs out PASSED 
2023-01-15 23:42:37,736 ERROR [Log] User deletes product from Virgosol List FAILED with cause : java.lang.reflect.InvocationTargetException
Build info: version: '3.141.59', revision: 'e82be7d358', time: '2018-11-14T08:17:03'
System info: host: 'DESKTOP-7OT3C58', ip: '192.168.1.33', os.name: 'Windows 10', os.arch: 'amd64', os.version: '10.0', java.version: '11.0.12'
Driver info: driver.version: RemoteWebDriver 
2023-01-15 23:48:50,960 INFO  [Log] LandingPage Test PASSED 
2023-01-15 23:48:54,480 INFO  [Log] LandingPage Test PASSED 
2023-01-15 23:49:01,993 INFO  [Log] user creates a new List PASSED 
2023-01-15 23:49:18,814 INFO  [Log] user selects Bilgisayarlar from Dropdown Menu PASSED 
2023-01-15 23:49:20,152 INFO  [Log] User signs out PASSED 
2023-01-15 23:49:30,194 ERROR [Log] User deletes product from Virgosol List FAILED with cause : no such element: Unable to locate element: {"method":"xpath","selector":"(//input[@class='a-button-input a-declarative'])[2]"}
  (Session info: chrome=109.0.5414.75)
For documentation on this error, please visit: https://www.seleniumhq.org/exceptions/no_such_element.html
Build info: version: '3.141.59', revision: 'e82be7d358', time: '2018-11-14T08:17:03'
System info: host: 'DESKTOP-7OT3C58', ip: '192.168.1.33', os.name: 'Windows 10', os.arch: 'amd64', os.version: '10.0', java.version: '11.0.12'
Driver info: org.openqa.selenium.chrome.ChromeDriver
Capabilities {acceptInsecureCerts: false, browserName: chrome, browserVersion: 109.0.5414.75, chrome: {chromedriverVersion: 109.0.5414.74 (e7c5703604da..., userDataDir: C:\Users\eshaz\AppData\Loca...}, goog:chromeOptions: {debuggerAddress: localhost:49969}, javascriptEnabled: true, networkConnectionEnabled: false, pageLoadStrategy: normal, platform: WINDOWS, platformName: WINDOWS, proxy: Proxy(), setWindowRect: true, strictFileInteractability: false, timeouts: {implicit: 0, pageLoad: 300000, script: 30000}, unhandledPromptBehavior: dismiss and notify, webauthn:extension:credBlob: true, webauthn:extension:largeBlob: true, webauthn:virtualAuthenticators: true}
Session ID: 4fda8b47ea39cfb91554e6bfdb17c071
*** Element info: {Using=xpath, value=(//input[@class='a-button-input a-declarative'])[2]} 
2023-01-16 00:02:40,640 INFO  [Log] LandingPage Test PASSED 
2023-01-16 00:02:47,677 INFO  [Log] LandingPage Test PASSED 
2023-01-16 00:02:51,452 INFO  [Log] user creates a new List PASSED 
2023-01-16 00:03:08,742 INFO  [Log] user selects Bilgisayarlar from Dropdown Menu PASSED 
2023-01-16 00:03:10,573 INFO  [Log] User signs out PASSED 
2023-01-16 00:03:20,651 ERROR [Log] User deletes product from Virgosol List FAILED with cause : no such element: Unable to locate element: {"method":"xpath","selector":"(//input[@class='a-button-input a-declarative'])[2]"}
  (Session info: chrome=109.0.5414.75)
For documentation on this error, please visit: https://www.seleniumhq.org/exceptions/no_such_element.html
Build info: version: '3.141.59', revision: 'e82be7d358', time: '2018-11-14T08:17:03'
System info: host: 'DESKTOP-7OT3C58', ip: '192.168.1.33', os.name: 'Windows 10', os.arch: 'amd64', os.version: '10.0', java.version: '11.0.12'
Driver info: org.openqa.selenium.chrome.ChromeDriver
Capabilities {acceptInsecureCerts: false, browserName: chrome, browserVersion: 109.0.5414.75, chrome: {chromedriverVersion: 109.0.5414.74 (e7c5703604da..., userDataDir: C:\Users\eshaz\AppData\Loca...}, goog:chromeOptions: {debuggerAddress: localhost:50479}, javascriptEnabled: true, networkConnectionEnabled: false, pageLoadStrategy: normal, platform: WINDOWS, platformName: WINDOWS, proxy: Proxy(), setWindowRect: true, strictFileInteractability: false, timeouts: {implicit: 0, pageLoad: 300000, script: 30000}, unhandledPromptBehavior: dismiss and notify, webauthn:extension:credBlob: true, webauthn:extension:largeBlob: true, webauthn:virtualAuthenticators: true}
Session ID: b4ad56ccd7670c4943d927b2f83337e0
*** Element info: {Using=xpath, value=(//input[@class='a-button-input a-declarative'])[2]} 
2023-01-16 00:04:18,588 INFO  [Log] LandingPage Test PASSED 
2023-01-16 00:04:24,961 INFO  [Log] LandingPage Test PASSED 
2023-01-16 00:04:28,727 INFO  [Log] user creates a new List PASSED 
2023-01-16 00:04:46,147 INFO  [Log] user selects Bilgisayarlar from Dropdown Menu PASSED 
2023-01-16 00:04:47,848 INFO  [Log] User signs out PASSED 
2023-01-16 00:04:57,900 ERROR [Log] User deletes product from Virgosol List FAILED with cause : no such element: Unable to locate element: {"method":"xpath","selector":"(//input[@class='a-button-input a-declarative'])[2]"}
  (Session info: chrome=109.0.5414.75)
For documentation on this error, please visit: https://www.seleniumhq.org/exceptions/no_such_element.html
Build info: version: '3.141.59', revision: 'e82be7d358', time: '2018-11-14T08:17:03'
System info: host: 'DESKTOP-7OT3C58', ip: '192.168.1.33', os.name: 'Windows 10', os.arch: 'amd64', os.version: '10.0', java.version: '11.0.12'
Driver info: org.openqa.selenium.chrome.ChromeDriver
Capabilities {acceptInsecureCerts: false, browserName: chrome, browserVersion: 109.0.5414.75, chrome: {chromedriverVersion: 109.0.5414.74 (e7c5703604da..., userDataDir: C:\Users\eshaz\AppData\Loca...}, goog:chromeOptions: {debuggerAddress: localhost:50610}, javascriptEnabled: true, networkConnectionEnabled: false, pageLoadStrategy: normal, platform: WINDOWS, platformName: WINDOWS, proxy: Proxy(), setWindowRect: true, strictFileInteractability: false, timeouts: {implicit: 0, pageLoad: 300000, script: 30000}, unhandledPromptBehavior: dismiss and notify, webauthn:extension:credBlob: true, webauthn:extension:largeBlob: true, webauthn:virtualAuthenticators: true}
Session ID: 64d43d3ca36c78d37b7abd629380e90d
*** Element info: {Using=xpath, value=(//input[@class='a-button-input a-declarative'])[2]} 
2023-01-16 00:08:01,504 INFO  [Log] LandingPage Test PASSED 
2023-01-16 00:08:08,789 INFO  [Log] LandingPage Test PASSED 
2023-01-16 00:08:12,292 INFO  [Log] user creates a new List PASSED 
2023-01-16 00:08:47,141 INFO  [Log] user selects Bilgisayarlar from Dropdown Menu PASSED 
2023-01-16 00:08:48,537 INFO  [Log] User signs out PASSED 
2023-01-16 00:16:18,433 INFO  [Log] LandingPage Test PASSED 
2023-01-16 00:16:26,112 INFO  [Log] LandingPage Test PASSED 
2023-01-16 00:16:29,721 INFO  [Log] user creates a new List PASSED 
2023-01-16 00:17:06,828 INFO  [Log] user selects Bilgisayarlar from add Menu PASSED 
2023-01-16 00:17:08,467 INFO  [Log] User signs out PASSED 
2023-01-16 00:24:30,461 INFO  [Log] LandingPage Test PASSED 
2023-01-16 00:24:33,363 INFO  [Log] LandingPage Test PASSED 
2023-01-16 00:24:39,971 INFO  [Log] user creates a new List PASSED 
2023-01-16 00:24:40,071 ERROR [Log] user selects Bilgisayarlar from add Menu FAILED with cause : null 
2023-01-16 00:24:42,381 ERROR [Log] User signs out FAILED with cause : null 
2023-01-16 00:25:32,320 INFO  [Log] LandingPage Test PASSED 
2023-01-16 00:26:00,740 INFO  [Log] LandingPage Test PASSED 
2023-01-16 00:26:42,226 INFO  [Log] LandingPage Test PASSED 
2023-01-16 00:26:48,611 INFO  [Log] LandingPage Test PASSED 
2023-01-16 00:26:56,175 INFO  [Log] user creates a new List PASSED 
2023-01-16 00:26:56,359 ERROR [Log] user selects Bilgisayarlar from add Menu FAILED with cause : null 
2023-01-16 00:27:00,844 ERROR [Log] User signs out FAILED with cause : null 
2023-01-16 00:28:22,792 INFO  [Log] LandingPage Test PASSED 
2023-01-16 00:28:31,694 INFO  [Log] LandingPage Test PASSED 
2023-01-16 00:28:37,287 ERROR [Log] user creates a new List FAILED with cause : stale element reference: element is not attached to the page document
  (Session info: chrome=109.0.5414.75)
For documentation on this error, please visit: https://www.seleniumhq.org/exceptions/stale_element_reference.html
Build info: version: '3.141.59', revision: 'e82be7d358', time: '2018-11-14T08:17:03'
System info: host: 'DESKTOP-7OT3C58', ip: '192.168.1.33', os.name: 'Windows 10', os.arch: 'amd64', os.version: '10.0', java.version: '11.0.12'
Driver info: org.openqa.selenium.chrome.ChromeDriver
Capabilities {acceptInsecureCerts: false, browserName: chrome, browserVersion: 109.0.5414.75, chrome: {chromedriverVersion: 109.0.5414.74 (e7c5703604da..., userDataDir: C:\Users\eshaz\AppData\Loca...}, goog:chromeOptions: {debuggerAddress: localhost:51143}, javascriptEnabled: true, networkConnectionEnabled: false, pageLoadStrategy: normal, platform: WINDOWS, platformName: WINDOWS, proxy: Proxy(), setWindowRect: true, strictFileInteractability: false, timeouts: {implicit: 0, pageLoad: 300000, script: 30000}, unhandledPromptBehavior: dismiss and notify, webauthn:extension:credBlob: true, webauthn:extension:largeBlob: true, webauthn:virtualAuthenticators: true}
Session ID: b2a6967200f1901e414361b8ebebd5ab 
2023-01-16 00:29:07,435 INFO  [Log] user selects Bilgisayarlar from add Menu PASSED 
2023-01-16 00:29:08,765 INFO  [Log] User signs out PASSED 
2023-01-16 00:30:26,208 ERROR [Log] LandingPage Test FAILED with cause : no such element: Unable to locate element: {"method":"css selector","selector":"#sp\-cc\-accept"}
  (Session info: chrome=109.0.5414.75)
For documentation on this error, please visit: https://www.seleniumhq.org/exceptions/no_such_element.html
Build info: version: '3.141.59', revision: 'e82be7d358', time: '2018-11-14T08:17:03'
System info: host: 'DESKTOP-7OT3C58', ip: '192.168.1.33', os.name: 'Windows 10', os.arch: 'amd64', os.version: '10.0', java.version: '11.0.12'
Driver info: org.openqa.selenium.chrome.ChromeDriver
Capabilities {acceptInsecureCerts: false, browserName: chrome, browserVersion: 109.0.5414.75, chrome: {chromedriverVersion: 109.0.5414.74 (e7c5703604da..., userDataDir: C:\Users\eshaz\AppData\Loca...}, goog:chromeOptions: {debuggerAddress: localhost:51227}, javascriptEnabled: true, networkConnectionEnabled: false, pageLoadStrategy: normal, platform: WINDOWS, platformName: WINDOWS, proxy: Proxy(), setWindowRect: true, strictFileInteractability: false, timeouts: {implicit: 0, pageLoad: 300000, script: 30000}, unhandledPromptBehavior: dismiss and notify, webauthn:extension:credBlob: true, webauthn:extension:largeBlob: true, webauthn:virtualAuthenticators: true}
Session ID: 7eecb9fdecf06b5eb2558a6be3c3a79a
*** Element info: {Using=id, value=sp-cc-accept} 
2023-01-16 00:30:36,295 ERROR [Log] LandingPage Test FAILED with cause : no such element: Unable to locate element: {"method":"css selector","selector":"#nav\-link\-accountList\-nav\-line\-1"}
  (Session info: chrome=109.0.5414.75)
For documentation on this error, please visit: https://www.seleniumhq.org/exceptions/no_such_element.html
Build info: version: '3.141.59', revision: 'e82be7d358', time: '2018-11-14T08:17:03'
System info: host: 'DESKTOP-7OT3C58', ip: '192.168.1.33', os.name: 'Windows 10', os.arch: 'amd64', os.version: '10.0', java.version: '11.0.12'
Driver info: org.openqa.selenium.chrome.ChromeDriver
Capabilities {acceptInsecureCerts: false, browserName: chrome, browserVersion: 109.0.5414.75, chrome: {chromedriverVersion: 109.0.5414.74 (e7c5703604da..., userDataDir: C:\Users\eshaz\AppData\Loca...}, goog:chromeOptions: {debuggerAddress: localhost:51227}, javascriptEnabled: true, networkConnectionEnabled: false, pageLoadStrategy: normal, platform: WINDOWS, platformName: WINDOWS, proxy: Proxy(), setWindowRect: true, strictFileInteractability: false, timeouts: {implicit: 0, pageLoad: 300000, script: 30000}, unhandledPromptBehavior: dismiss and notify, webauthn:extension:credBlob: true, webauthn:extension:largeBlob: true, webauthn:virtualAuthenticators: true}
Session ID: 7eecb9fdecf06b5eb2558a6be3c3a79a
*** Element info: {Using=id, value=nav-link-accountList-nav-line-1} 
2023-01-16 00:31:03,840 INFO  [Log] LandingPage Test PASSED 
2023-01-16 00:31:11,130 INFO  [Log] LandingPage Test PASSED 
2023-01-16 00:31:15,569 INFO  [Log] user creates a new List PASSED 
2023-01-16 00:31:47,513 INFO  [Log] user selects Bilgisayarlar from add Menu PASSED 
2023-01-16 00:31:48,743 INFO  [Log] User signs out PASSED 
2023-01-16 00:33:25,616 INFO  [Log] LandingPage Test PASSED 
2023-01-16 00:33:31,672 INFO  [Log] LandingPage Test PASSED 
2023-01-16 00:33:31,683 ERROR [Log] user creates a new List FAILED with cause : Must provide a location for a move action. 
2023-01-16 00:33:31,811 ERROR [Log] user selects Bilgisayarlar from add Menu FAILED with cause : null 
2023-01-16 00:33:31,833 ERROR [Log] User signs out FAILED with cause : Must provide a location for a move action. 
2023-01-16 00:34:27,327 INFO  [Log] LandingPage Test PASSED 
2023-01-16 00:34:33,241 INFO  [Log] LandingPage Test PASSED 
2023-01-16 00:34:33,254 ERROR [Log] user creates a new List FAILED with cause : Must provide a location for a move action. 
2023-01-16 00:34:33,603 ERROR [Log] user selects Bilgisayarlar from add Menu FAILED with cause : null 
2023-01-16 00:34:33,617 ERROR [Log] User signs out FAILED with cause : Must provide a location for a move action. 
2023-01-16 00:35:24,210 INFO  [Log] LandingPage Test PASSED 
2023-01-16 00:35:30,083 INFO  [Log] LandingPage Test PASSED 
2023-01-16 00:35:30,100 ERROR [Log] user creates a new List FAILED with cause : Must provide a location for a move action. 
2023-01-16 00:35:30,465 ERROR [Log] user selects Bilgisayarlar from add Menu FAILED with cause : null 
2023-01-16 00:35:30,473 ERROR [Log] User signs out FAILED with cause : Must provide a location for a move action. 
2023-01-16 00:37:18,654 INFO  [Log] LandingPage Test PASSED 
2023-01-16 00:37:28,625 INFO  [Log] LandingPage Test PASSED 
2023-01-16 00:37:33,768 ERROR [Log] user creates a new List FAILED with cause : stale element reference: element is not attached to the page document
  (Session info: chrome=109.0.5414.75)
For documentation on this error, please visit: https://www.seleniumhq.org/exceptions/stale_element_reference.html
Build info: version: '3.141.59', revision: 'e82be7d358', time: '2018-11-14T08:17:03'
System info: host: 'DESKTOP-7OT3C58', ip: '192.168.1.33', os.name: 'Windows 10', os.arch: 'amd64', os.version: '10.0', java.version: '11.0.12'
Driver info: org.openqa.selenium.chrome.ChromeDriver
Capabilities {acceptInsecureCerts: false, browserName: chrome, browserVersion: 109.0.5414.75, chrome: {chromedriverVersion: 109.0.5414.74 (e7c5703604da..., userDataDir: C:\Users\eshaz\AppData\Loca...}, goog:chromeOptions: {debuggerAddress: localhost:51506}, javascriptEnabled: true, networkConnectionEnabled: false, pageLoadStrategy: normal, platform: WINDOWS, platformName: WINDOWS, proxy: Proxy(), setWindowRect: true, strictFileInteractability: false, timeouts: {implicit: 0, pageLoad: 300000, script: 30000}, unhandledPromptBehavior: dismiss and notify, webauthn:extension:credBlob: true, webauthn:extension:largeBlob: true, webauthn:virtualAuthenticators: true}
Session ID: 2e7aab46143e8be2da85916ca5d48197 
2023-01-16 00:38:07,808 INFO  [Log] user selects Bilgisayarlar from add Menu PASSED 
2023-01-16 00:38:09,078 INFO  [Log] User signs out PASSED 
2023-01-16 00:38:56,248 INFO  [Log] LandingPage Test PASSED 
2023-01-16 00:39:01,790 INFO  [Log] LandingPage Test PASSED 
2023-01-16 00:39:05,707 INFO  [Log] user creates a new List PASSED 
2023-01-16 00:39:34,115 INFO  [Log] user selects Bilgisayarlar from add Menu PASSED 
2023-01-16 00:39:35,470 INFO  [Log] User signs out PASSED 
2023-01-16 00:43:35,271 INFO  [Log] LandingPage Test PASSED 
2023-01-16 00:43:40,842 INFO  [Log] user Signs In PASSED 
2023-01-16 00:43:44,728 INFO  [Log] user creates a new List PASSED 
2023-01-16 00:44:11,457 INFO  [Log] user selects Bilgisayarlar from Dropdown Menu and then deletes the product PASSED 
2023-01-16 00:44:12,662 INFO  [Log] User signs out PASSED 
2023-01-16 10:24:40,667 INFO  [Log] LandingPage Test PASSED 
2023-01-16 10:24:46,853 ERROR [Log] user Signs In FAILED with cause : user couldn't log into the account ==> expected: <true> but was: <false> 
2023-01-16 10:24:51,247 INFO  [Log] user creates a new List PASSED 
2023-01-16 10:28:43,464 INFO  [Log] LandingPage Test PASSED 
2023-01-16 10:28:50,009 INFO  [Log] user Signs In PASSED 
2023-01-16 10:28:53,578 INFO  [Log] user creates a new List PASSED 
2023-01-16 10:29:21,321 INFO  [Log] User selects Bilgisayarlar from Dropdown Menu and then deletes the product PASSED 
2023-01-16 10:29:22,640 INFO  [Log] User signs out PASSED 
2023-01-16 10:36:18,928 ERROR [Log] LandingPage Test FAILED with cause : no such window: target window already closed
from unknown error: web view not found
  (Session info: chrome=109.0.5414.75)
Build info: version: '3.141.59', revision: 'e82be7d358', time: '2018-11-14T08:17:03'
System info: host: 'DESKTOP-7OT3C58', ip: '192.168.1.33', os.name: 'Windows 10', os.arch: 'amd64', os.version: '10.0', java.version: '11.0.12'
Driver info: org.openqa.selenium.chrome.ChromeDriver
Capabilities {acceptInsecureCerts: false, browserName: chrome, browserVersion: 109.0.5414.75, chrome: {chromedriverVersion: 109.0.5414.74 (e7c5703604da..., userDataDir: C:\Users\eshaz\AppData\Loca...}, goog:chromeOptions: {debuggerAddress: localhost:52706}, javascriptEnabled: true, networkConnectionEnabled: false, pageLoadStrategy: normal, platform: WINDOWS, platformName: WINDOWS, proxy: Proxy(), setWindowRect: true, strictFileInteractability: false, timeouts: {implicit: 0, pageLoad: 300000, script: 30000}, unhandledPromptBehavior: dismiss and notify, webauthn:extension:credBlob: true, webauthn:extension:largeBlob: true, webauthn:virtualAuthenticators: true}
Session ID: 05daf9f96647a53ff5c26d21d968ddad 
2023-01-16 10:36:19,171 ERROR [Log] user Signs In FAILED with cause : no such window: target window already closed
from unknown error: web view not found
  (Session info: chrome=109.0.5414.75)
Build info: version: '3.141.59', revision: 'e82be7d358', time: '2018-11-14T08:17:03'
System info: host: 'DESKTOP-7OT3C58', ip: '192.168.1.33', os.name: 'Windows 10', os.arch: 'amd64', os.version: '10.0', java.version: '11.0.12'
Driver info: org.openqa.selenium.chrome.ChromeDriver
Capabilities {acceptInsecureCerts: false, browserName: chrome, browserVersion: 109.0.5414.75, chrome: {chromedriverVersion: 109.0.5414.74 (e7c5703604da..., userDataDir: C:\Users\eshaz\AppData\Loca...}, goog:chromeOptions: {debuggerAddress: localhost:52706}, javascriptEnabled: true, networkConnectionEnabled: false, pageLoadStrategy: normal, platform: WINDOWS, platformName: WINDOWS, proxy: Proxy(), setWindowRect: true, strictFileInteractability: false, timeouts: {implicit: 0, pageLoad: 300000, script: 30000}, unhandledPromptBehavior: dismiss and notify, webauthn:extension:credBlob: true, webauthn:extension:largeBlob: true, webauthn:virtualAuthenticators: true}
Session ID: 05daf9f96647a53ff5c26d21d968ddad
*** Element info: {Using=id, value=nav-link-accountList-nav-line-1} 
2023-01-16 10:36:19,225 ERROR [Log] user creates a new List FAILED with cause : java.lang.reflect.InvocationTargetException
Build info: version: '3.141.59', revision: 'e82be7d358', time: '2018-11-14T08:17:03'
System info: host: 'DESKTOP-7OT3C58', ip: '192.168.1.33', os.name: 'Windows 10', os.arch: 'amd64', os.version: '10.0', java.version: '11.0.12'
Driver info: driver.version: RemoteWebDriver 
2023-01-16 10:36:19,291 ERROR [Log] User selects Bilgisayarlar from Dropdown Menu and then deletes the product FAILED with cause : no such window: target window already closed
from unknown error: web view not found
  (Session info: chrome=109.0.5414.75)
Build info: version: '3.141.59', revision: 'e82be7d358', time: '2018-11-14T08:17:03'
System info: host: 'DESKTOP-7OT3C58', ip: '192.168.1.33', os.name: 'Windows 10', os.arch: 'amd64', os.version: '10.0', java.version: '11.0.12'
Driver info: org.openqa.selenium.chrome.ChromeDriver
Capabilities {acceptInsecureCerts: false, browserName: chrome, browserVersion: 109.0.5414.75, chrome: {chromedriverVersion: 109.0.5414.74 (e7c5703604da..., userDataDir: C:\Users\eshaz\AppData\Loca...}, goog:chromeOptions: {debuggerAddress: localhost:52706}, javascriptEnabled: true, networkConnectionEnabled: false, pageLoadStrategy: normal, platform: WINDOWS, platformName: WINDOWS, proxy: Proxy(), setWindowRect: true, strictFileInteractability: false, timeouts: {implicit: 0, pageLoad: 300000, script: 30000}, unhandledPromptBehavior: dismiss and notify, webauthn:extension:credBlob: true, webauthn:extension:largeBlob: true, webauthn:virtualAuthenticators: true}
Session ID: 05daf9f96647a53ff5c26d21d968ddad 
2023-01-16 10:36:19,398 ERROR [Log] User signs out FAILED with cause : java.lang.reflect.InvocationTargetException
Build info: version: '3.141.59', revision: 'e82be7d358', time: '2018-11-14T08:17:03'
System info: host: 'DESKTOP-7OT3C58', ip: '192.168.1.33', os.name: 'Windows 10', os.arch: 'amd64', os.version: '10.0', java.version: '11.0.12'
Driver info: driver.version: RemoteWebDriver 
2023-01-16 10:38:56,212 INFO  [Log] LandingPage Test PASSED 
2023-01-16 10:39:03,343 INFO  [Log] user Signs In PASSED 
2023-01-16 10:39:08,227 INFO  [Log] user creates a new List PASSED 
2023-01-16 10:39:43,544 INFO  [Log] User selects Bilgisayarlar from Dropdown Menu and then deletes the product PASSED 
2023-01-16 10:39:44,974 INFO  [Log] User signs out PASSED 
